邵字相門，京兆萬年人。天寶末進士，授崇文館校書郎，累遷兵部郎中，拜諫議大夫知制誥，再遷禮部侍郎。貞元初除太子賓客，出為杭州刺史，以疾請告，貶衢州別駕，移江州。卒年八十一。
草莽臣稽首獻頌曰：臣聞殊祥大報者，皇天無私；慎終追遠者，祖考來格。皆上帝之所協德，豈蒸人之克預也？我皇帝陛下建皇極，行大道。體元以煦覆，品物以陶運。執斗柄而四序潛回，張地維而八埏至靜，四十載矣。而天下大順，巍巍乎其全功歟！玄元皇帝，陛下之烈祖也。寶慈儉以垂後昆，法清靜而示教文，歷千百祀，而陛下道存妙有，化洽無為，動之太和，寂以玄覽，非得一而正乎！陛下執大象，敷玄宗，聖祖儀刑於郡國，景命紛紜於圖史者，蓋百數矣。開靈寶於分陝之郊，克複明號；形縞衣於降聖之閣，時庸展親。探三華於丹墀之上，而得也；想五利於滄波之外，遠而治也。故樸略之初，三五以降，曾不敢以功階並也；今太白山人李渾等，暫因形動，未假神遊。初入緇帷之林，忽變紫微之境，古祠之下，猶龍肅然。霽色雖澈於清霄榮光自分於白晝。玄宮咫尺，仙衛徘徊；接霓裳以受辭，奉玉顏而專對。光啟王室，宣昭祖孫，方錄實而未宏，緬逖聰而奚取？由命京畿采訪使戶部侍郎兼禦史中丞王鉷，發皇華而載馳，望白雲之有處。瞻仰如在，真風宛同，歷五洞之杳冥，尋一門之䆗窱。行前有會，感而遂通。石台菡萏而特秀，玉版熒煌而自秘。式傳無忽，祗受不差。天香氛氳，甘液浹洽。陽鳥抱戴而上燭，卿雲交映而前引，率皆科斗之文，時人無能之者。陛下乃齋心服形，絕聖棄知，棄知，閑居於大庭之館，遊夢於華胥之國。而後攝外慮，嚴天思，捧玄記而納宸極，洞一時而睹萬物。其徉炳燿而有屬，其義綿延而自久。齊聖壽於日月，恢國祚於宇宙。上以和天地，下以洽神人。臣不知其天之為大也如此，遂下明詔，臨百官。荷億載之殊慶，追六聖之遺諡。既撰日以嚴配，親大裕於宮，鳴鸞以和，清蹕在聽。臣又以開辟之後，無以尚之。於是文武百辟，蠻夷君長，洎黃緇老幼，各有等威，雲趨玉闕而請曰：陛下奉天之昭錫，承祖之大命。百王無以徵其符，千載不複遇斯瑞。崇累朝之德，孝之大者；掩至尊之美，謙莫甚乎。既而天聽未回，睿獎猶邈。臣下罔知寢處黎人咸造勿褻。而言曰：天其或者以天下之物，無可以稱陛下之德，故纘戎徽號，因聖祖以發明，令陛下不得不名之，固非一時之所強名也。《書》曰：「不臧厥臧，人罔攸勸。」願陛下臧而勸之。抑讓之至於三，方霈然曰：「俞哉！斯亦天之所俾也。」遂命稽皇典，序國儀，《韶》、《濩》作，貂蟬進。纂鴻猷而尊冊之，明大訓而奉行之。雷雨作解，小大以正；四靈在郊藪以待命，三光出躔次而延澤。豈祗群臣之私乎，率土之私乎？臣生沐淳風，欽承寶化，百揆時敘，空聞賡載之歌；三階底平，久著登風之頌。伏以神功丕應，潤澤生靈，挹超代之範圍，與下人之陰騭。方軼於周王遊玉，黃帝迎年。豈與夫河東壽宮，棫陽薦磬而已哉？仲尼以舜禹之事，邱不得預。議者以方今之盛，臣實預焉。庶效采詩之典，曾何萬分之一。伏獻頌曰：
岩岩太白，列仙是宅。八會真歌，三清羽客。幽陰肅爽，處處靈跡。皇唐上祖，天人元君，揮斥六合，時乘五雲。貽厥景命。昭我聖勳。神靈宣功，華芝獻壽。薦錫玄記，光資妙有。玉字天長，石台地久。億載新兆，千齡古書。字形科鬥，台狀芙蕖。神力莫測，象帝之初。烈烈遣諡，清廟崇之。明明徽號，我后尊之。天授玉記，惟皇之楨。微臣薦頌，遊聖難名。
皇唐八葉之中興，提天綱，披寶圖，臨八紘，俯萬物，垂鴻儲休，粵十有七年。元冬陽月，旬外三日，天子居比堂左個，受厥初之慶。自予弼臣，百官丞令，鹹歸休汗，則歌《康衢》。樂壽域者，具百姓之歡心。有司諫掌綸之臣，當右掖分宵之直，望閶闔，沐薰風。齋心以虔，稽首獻頌。其詞曰：
甲觀畫堂，繞樞神光。十月良日，降生我皇，焜殊祥兮。纘武繼文，時惟聖勳，格苗戡黎，為天下君，望如雲兮。蒼蒼海隅，達我天衢。七戎蠢狄，西殲北徂，外無虞兮。
白翟遐通，嘉禾薦豐。兩樹連理，五雲飛空，歸大同兮。金闕峨峨，清晨伊何。萬國筐篚，千門詠歌，歆太和兮。舜膳以甘，堯尊以酣。誕彌之朔，旬而有三，湛恩覃兮。
南山於前，北辰於天。臣某獻壽，維億萬年，象帝先兮。
皇唐八葉，伐叛取亂，再寧區夏。四海絕橫流，九州無匪人。制要荒以從述職，分周召以相夾輔有多士為內理，有方鎮為外攘，垂衣裳而禦極，惟十有三祀矣。大劍之南，自秦惠疏疆，是一都之會。南蠻西戎，舊為敵國，伺我休戚，為爾進退，國家之有天下也。或懷柔羈縻，與之連和；或掩義背德，與之交鋒。尋盟問罪，不無事矣。當天寶中，河隴之外，卻地千里，赤山青海，不敢飲牧。絕漠無跡，我嚐有之。屬燕薊猾亂，毒痡生人。羣盜乗時舋，彼戎復舊怨。是以綠林逋藪，白晝殘人，池隍鞠為茂草，邑里化為煨燼，墜瓦萬聚，頹垣一平。大曆三年夏六月，分命漁陽伯鮮于公，擁旄仗鉞，總統東川八州之地，自閫之外，帝俞欽哉。公才包五行，體合四氣，揮若神劍，扣如鴻鍾。其始也凜之以威，其漸也濟之以恩；作之君師，為之父母。由是遠者來，來者安也。於是驅豺狼之所嗥，翦荊棘之所蔽。一之歲二之歲，葺郡邑正疆理而樹牙幢。三之歲四之歲，葺郡邑正疆理而樹牙幢。三之歲四之歲，葺田疇闐帑藏而耀軍實。五之歲而甲兵大振。六之歲而勇可賈餘。七之歲而人有聚訓有常矣。無暴可禁，所謂保大定功；有財斯豐，所謂安人和眾：兼之者不戰而勝。兵將戢乎畿內，諸侯始有賴，而捍戎於邠隴矣。則知漁陽公外陳藩屏而助威武，於鑠哉！其為人臣之式歟？方今龍安屬邑，久為重門待暴之地，壤連西山，分我天限。有聞道可以招戎偵，有絕險可以資敵國，頻年發中這之倅，為之鎮守。今秋自元戎十乘，以先啟行。白露始降，秋草方實，筋角勁而膂力既堅，樵蘇積而糗糧斯峙。如熊羆曰千夫長，如貔虎曰百夫特，前茅後勁，不戮一人。君子曰：軍政不戒而備矣。以此料敵，兵必勝，戰必克。我武惟揚，休有烈光，福履所將，壽考無疆，其猷克壯，而佐堯翊湯，不其盛歟！公名晉，字叔明，漁陽縣人也。其先殷人，箕子處其地，世有君長，北方之強歟？至西漢有京兆尹褒惠，東漢虎牙將軍輔散遷伊、洛、相、衛之閑，垂裕後昆，繼世流慶。粵有高祖父康紹，後牧於閬，解印寓於新政縣。洎曾王父與王父，因家焉。衣冠來裔，鬆檟斯茂，實膏腴而止斯樂土，正版圖而終移關內，今復為長安人也。公先兄仲通，擢桂枝，綰黃綬，不十年而權生殺於梁益之地，入為京兆尹。公自孝廉專經高第，再參環衛，累拜棘司，四遷柱史，連擢華省。宰洛邑時號神明，牧商於人歌父母。有詔加金、商、均房等州觀察使處置使，又入為京兆尹，曆左右宮相，出牧臨邛。兼御史中丞，充邛南招討都團練使，由中司復加節制焉，尋遷御史大夫。朝廷以為今之二難，時也卓絕，載形詔旨，談者榮之。方將登金鋪，調玉鼎，徼蒼生之福，豈懾殊俗，收係虜，從衛霍之事乎？邵忝嘉賓之末，猥廁諸侯之選，拜賜之辱，奉以周旋。頌聲不作，無以報德，發彼馨香，存乎琬玉。匪報也，永以為好。遂作頌曰：
金火閑秀，實生有德。風雲所感，以佐王國。龍韜豹略，天資默識。敦詩說禮，行有餘力。忠於事君，立名底績。鴻鵠斯舉，驊騮登跡。風雨如晦，我心匪易。三川震蕩萬里沙磧。宗社既安，君臣正焉。乃眷西顧，實為東川。東川伊何？人其播遷。邑有遺骼，家無舊阡。爰命虎臣，仗茲犀節。上天下地，惟爾之發。拉彼群逋，輯我遊闕。躬之先之，不日不月。七載勤勸，三軍克振。龍安之役，伐原示信。麼戎宣驕，則我觀舋。玉帳潛機，金鉦俟進。漢思營平，先零之功。班壯車騎，燕然以封。軍之所樂，吾之所從。門生獻頌，豈二子之所疇庸哉！
臣炎等言：臣聞自古帝王，配天受命，必建微號，傳之無窮。號者功之表也，三五以降，皆約所著之功，以彰厥德。則犧、農、軒、頊之號，或質勝文而文勝質，悉以一時盛烈而崇號焉。伏惟皇帝陛下纘戎立極，紹庭應運，居域中之大，為天下之君。聖敬日躋，孝理時義，放珍禽奇獸，為異方遠物，略嘉禾美瑞，俾良史不書。洪惟成湯一德，率先老氏三寶，舞干是務，和戎是利。惟賢是登，惟惡是去。雖夏后卑宮菲食，漢文帷囊弋綈，與我比崇，彼實慚德。今陵園永，升祔雲畢，孝思罔極，達於神明。克禋克祀，卜時撰吉。載命元子，光啟儲君。禮無不備，道無不洽，而鴻名未揚，典故猶缺。將何以告清廟，謁聖祖，對越神祗，昭格上下？伏乞許臣等上尊號以備大禮，有以答乾坤之貺，有以符億兆之歡。臣等才非啟沃，職忝近侍，遠愧賡歌，空懷赤實。不勝懇願屏營之至！謹奉表陳請以聞。
臣某伏睹宣旨，駕幸北路軍前。皇太子宰臣百官等上表陳請，未賜俞允者。省訪風俗，雖經典之舊儀；慰撫師徒，乃君父之慈照，但以道途險阻，水陸嚴凝，遐邇群心，實切憂灼。
伏惟皇帝陛下體堯慈惠，逾舜欽明，欲令寰海之人，共沐雍熙之化。憬茲汧隴，密邇封隅，久負歡盟，深辜恩信！識變通者，已束身效順；迷向背者，猶掩耳偷安。致一境之生靈，銜積年之怨抑，徇吠堯而有日，思慕舜以無由。所以授姜鉞以整師，築韓壇而誓眾，風馳號令，兩驟雄豪，上將等威震雷霆，心堅鐵石，指期克日，必就削平。豈勞親駕翠輿，躬麾白羽，六龍八馬，驅馳嶮棧之中；萬騎千官，迢遞層峰之外。方零霜雪，漸逼沍寒，伏乞聖慈，俯聆億兆之情，特駐省方之命，上為宗社，下慰華夷，佇對捷書，更開土宇。臣叨深睿獎，倍慊明誠。塵浼宸嚴，不任待責望恩迫切禱祈之至。
臣伏念朝廷起軍之際，陛下決於宸斷，撫臣背曰：「此去必蕩寇讎，可期清泰。事了之後，與卿一鎮。」臣仰奉成算，固絕他疑。果賴神謀，尋平偽孽。今乾坤交泰，弓矢載櫜。徽章以正於母儀，嘉禮獲申於元子。須傾血懇，仰瀆宸嚴。但以密近之權，合歸重望。鈞衡之柄，宜屬通材。至於所領節旌，雖是陛下所許，伏緣鎮州在北，狂虜未除，慮有奔衝，須為控扼，亦希付於上將。所貴殿彼一隅，伏望陛下道極照臨，仁深覆載，念臣久司繁重，憫臣方在衰羸，退放居閑，俾從導養。臣無任祈天瀝懇之至。
臣某言。伏奉今月某日批詔，以臣堅讓寵章，未賜允許者。憂誠若焚，駭汗如雨。發於肝膈，鑒在神祇。臣某誠恐誠迫頓首頓首。臣聞以欲從人則可，以人從欲鮮濟。此蓋左邱明之信史，臧文仲之至言。陛下多閱正經，以資明德。固於深旨，靡不盡知。然而陛下優遇台臣，恢張天覆，賜爵而唯恐不重，流澤而唯恐不深。茂典畢申，睿慈未足。此蓋陛下以無私之欲，勸有位之臣。使其更竭謀猷，以濟難否，是陛下之欲也，臣匪不知。臣所以斯須不寧，數固而讓者，蓋緣陛下在省方之地，有國未歸。微臣忝執政之權，遇昧未泰，謂為輔弼，實抱憂慚。刻苦厲精，進賢讓寵，所期天下之士，且不加罪於臣，既安其心，庶竭其力，此臣之欲也。陛下之欲，不過勉勞臣等三人，納善罷之，小無所損。微臣之欲，使昭示天下之人，聽而俞之，大有所利。利在邦國，皎然可知。陛下若以欲從臣，理無不可。若以臣從欲，鮮濟不疑。雖又新奉聖慈，未容陳讓。在臣丹赤，誓不稟遵。其於利害之言，辯折將盡，實以多為緣飾，亦不敢再黷英明。進思之心，死請而已。臣某無任懇激兢越之至。
臣聞立天下之本，故受之以震，明兩承統，慶元有光，期萬國以貞，而一人有慶也。伏惟皇帝陛下受天明命，尊祖嚴配，聖謨廣運，禮秩鹹若。六親承式而理，六合不論而定。伏以儲宮未立，人望猶勤，奉天順人，事不可曠。夙聞宣王天資孝敬，訓稟詩禮，可以奉宗祧之重，可以當匕鬯之主。朝三命宰，則以安親；前師後傅，則以齒胄。伏乞以時冊命，報慶天人，然後啟承華以論道，起博望而養德。天下幸甚，天下幸甚！臣等忝跡樞密，倍萬恒情。謹奉表陳請以聞。
臣某伏睹宣旨，駕幸北路軍前。皇太子宰臣百官等上表陳請，未賜俞允者。省訪風俗，雖經典之舊儀；慰撫師徒，乃君父之慈照，但以道途險阻，水陸嚴凝，遐邇群心，實切憂灼。
伏惟皇帝陛下體堯慈惠，逾舜欽明，欲令寰海之人，共沐雍熙之化。憬茲汧隴，密邇封隅，久負歡盟，深辜恩信！識變通者，已束身效順；迷向背者，猶掩耳偷安。致一境之生靈，銜積年之怨抑，徇吠堯而有日，思慕舜以無由。所以授姜鉞以整師，築韓壇而誓眾，風馳號令，兩驟雄豪，上將等威震雷霆，心堅鐵石，指期克日，必就削平。豈勞親駕翠輿，躬麾白羽，六龍八馬，驅馳嶮棧之中；萬騎千官，迢遞層峰之外。方零霜雪，漸逼沍寒，伏乞聖慈，俯聆億兆之情，特駐省方之命，上為宗社，下慰華夷，佇對捷書，更開土宇。臣叨深睿獎，倍慊明誠。塵浼宸嚴，不任待責望恩迫切禱祈之至。
臣其言：臣及文武百寮上乞奉遵遺詔，俯垂聽政，迨於再三，尚阻群請。所天未覆，何地自容？伏自焦惶，罔知攸處？臣以因心之感，是陛下私戚；顧命之重，是先帝至公。未有因私戚而忘至公，居大寶而懷小節者也。且漢文昔王之賢者，豈欲垂訓作則，自虧其道，而後嗣忘其孝思，蓋所以垂時制禮，眾權體國，千載不易，直道而行。曾參閔損，俯就者家也；周康漢景，仰就者國也。安以一家之行，而隳萬國之務乎？今陛下禮以自拘，❥❥為全孝。臣謂從而觀誌，存其中則明，遺制不可徇禮而忽，萬務不可一日而曠。臣又聞之，子事父以無違，臣事君以替否。臣陪陛下，沾承末命；臣言未感，甘受不忠。陛下固辭，豈得稱孝？特乞受憑幾之顧托，損蓼莪之哀思，以時闡皇綱，創帝範，副人之所望，悅億兆之心。寧止宗社焉依？實將教❥速及。披肝屢啟，冀獲哀從。無任崩迫仿徨之至。
臣某伏睹宣旨，駕幸北路軍前。皇太子宰臣百官等上表陳請，未賜俞允者。省訪風俗，雖經典之舊儀；慰撫師徒，乃君父之慈照，但以道途險阻，水陸嚴凝，遐邇群心，實切憂灼。
伏惟皇帝陛下體堯慈惠，逾舜欽明，欲令寰海之人，共沐雍熙之化。憬茲汧隴，密邇封隅，久負歡盟，深辜恩信！識變通者，已束身效順；迷向背者，猶掩耳偷安。致一境之生靈，銜積年之怨抑，徇吠堯而有日，思慕舜以無由。所以授姜鉞以整師，築韓壇而誓眾，風馳號令，兩驟雄豪，上將等威震雷霆，心堅鐵石，指期克日，必就削平。豈勞親駕翠輿，躬麾白羽，六龍八馬，驅馳嶮棧之中；萬騎千官，迢遞層峰之外。方零霜雪，漸逼沍寒，伏乞聖慈，俯聆億兆之情，特駐省方之命，上為宗社，下慰華夷，佇對捷書，更開土宇。臣叨深睿獎，倍慊明誠。塵浼宸嚴，不任待責望恩迫切禱祈之至。
臣伏念朝廷起軍之際，陛下決於宸斷，撫臣背曰：「此去必蕩寇讎，可期清泰。事了之後，與卿一鎮。」臣仰奉成算，固絕他疑。果賴神謀，尋平偽孽。今乾坤交泰，弓矢載櫜。徽章以正於母儀，嘉禮獲申於元子。須傾血懇，仰瀆宸嚴。但以密近之權，合歸重望。鈞衡之柄，宜屬通材。至於所領節旌，雖是陛下所許，伏緣鎮州在北，狂虜未除，慮有奔衝，須為控扼，亦希付於上將。所貴殿彼一隅，伏望陛下道極照臨，仁深覆載，念臣久司繁重，憫臣方在衰羸，退放居閑，俾從導養。臣無任祈天瀝懇之至。
臣某等言：再奉思敕，聖心永慕，未忍割哀。過大祥則素衣練冠銜恤聽政；當外除則降從禫服，以終喪紀者。群臣等重於荒迫之中，頻奉不忍之詔。精魂飛越，兢惶失圖，臣某等中謝。伏惟皇帝陛下孝心自天，孝道逾禮。宅憂之日，痛感人神；顧命之文，興言不忍。微臣等前後五表，昧死上陳，雖皇恩抑從，而猶至十日。自鼎湖升馭，俯及祥除，其閑惟見群臣禮展哀感。又伏聞杖不能起，哭不絕聲，常膳頓鹹，至於一溢。以王者之尊過子皋之毀。然臣等伏以三年之喪，古稱雲達禮者，前王之舊制也。三日而聽政，二十七日而釋服者，先王之遺令也。今陛下不勝罔極之痛，欲遂因心之哀，遠追前古之禮，近廢無違這義，愚臣荒塞，莫知死所，且梓宮未遷於陵隧，聖慮方切於哀號。雖釋服臨朝，慰撫臣子，猶恐天顏慘戚，率土不安；群臣未通，庶事皆闕。方今以練冠為易月之服，禫制終諒閽之喪。群臣進見，莫勝憂戚，又安敢議及時政，下延兆庶者哉？遐邇幽明，同知不可。伏乞聖情深思園陵興作之務，仰順先聖殷憂之說，上尊祖宗傳襲之典，請釋服之注，俯從有司。銜哀永懷，豈有時日？萬人之命，懸在聖躬。今臣等昧死，請不奉詔，上冒宸嚴，心魂兢悸，言辭失序。無任憂國切迫之至！
臣某伏睹宣旨，駕幸北路軍前。皇太子宰臣百官等上表陳請，未賜俞允者。省訪風俗，雖經典之舊儀；慰撫師徒，乃君父之慈照，但以道途險阻，水陸嚴凝，遐邇群心，實切憂灼。
伏惟皇帝陛下體堯慈惠，逾舜欽明，欲令寰海之人，共沐雍熙之化。憬茲汧隴，密邇封隅，久負歡盟，深辜恩信！識變通者，已束身效順；迷向背者，猶掩耳偷安。致一境之生靈，銜積年之怨抑，徇吠堯而有日，思慕舜以無由。所以授姜鉞以整師，築韓壇而誓眾，風馳號令，兩驟雄豪，上將等威震雷霆，心堅鐵石，指期克日，必就削平。豈勞親駕翠輿，躬麾白羽，六龍八馬，驅馳嶮棧之中；萬騎千官，迢遞層峰之外。方零霜雪，漸逼沍寒，伏乞聖慈，俯聆億兆之情，特駐省方之命，上為宗社，下慰華夷，佇對捷書，更開土宇。臣叨深睿獎，倍慊明誠。塵浼宸嚴，不任待責望恩迫切禱祈之至。
臣伏念朝廷起軍之際，陛下決於宸斷，撫臣背曰：「此去必蕩寇讎，可期清泰。事了之後，與卿一鎮。」臣仰奉成算，固絕他疑。果賴神謀，尋平偽孽。今乾坤交泰，弓矢載櫜。徽章以正於母儀，嘉禮獲申於元子。須傾血懇，仰瀆宸嚴。但以密近之權，合歸重望。鈞衡之柄，宜屬通材。至於所領節旌，雖是陛下所許，伏緣鎮州在北，狂虜未除，慮有奔衝，須為控扼，亦希付於上將。所貴殿彼一隅，伏望陛下道極照臨，仁深覆載，念臣久司繁重，憫臣方在衰羸，退放居閑，俾從導養。臣無任祈天瀝懇之至。
