元齡字喬，齊州臨淄人。隋時本州舉進士，授羽騎尉。太宗徇地渭北，元齡杖策軍門，授秦王府記室，封臨淄侯。貞觀元年官中書令，爵邢國公，進尚書左僕射，改封魏，拜司空，圖形淩煙閣，加太子太傅。二十三年薨，年七十，冊贈太尉并州都督，諡曰文昭。
臣聞兵惡不戢，武貴止戈。當今聖化所覃，無遠不屆，洎上古所不臣者，陛下皆能臣之；所不制者，皆能制之。詳觀古今為中國患害，無過突厥，遂能坐運神策，不下殿堂，大小可汗，相次束手，分典禁衛，執戟行閒。其後延陁鴟張，尋就夷滅，鐵勒慕義，請置州縣，沙漠以北，萬里無塵。至如高昌叛渙於流沙，吐渾首鼠於積石，偏師薄伐，俱從平蕩。如高麗者，曆代逋誅，莫能討伐，陛下責其逆亂，弑主虐人，親總六軍，問罪遼碣，未經旬日，即拔遼東，前後虜獲，數十萬計，分配諸州，無處不滿。雪往代之宿恥，掩崤陵之枯骨，比功較德，萬倍前王。此聖主之所自知，微臣安敢備說？且陛下仁風被於率土，孝德彰乎配天。睹夷狄之將亡，則指期數歲；授將帥之節度，則決機萬里。屈指而候驛，視景而望書，符應若神，算無遺策。擢將於行伍之中，取士於凡庸之末。遠夷單使，一見不忘；小臣之名，未嚐再問。箭穿七劄，弓貫六鈞。加以留情墳典，屬意篇什，筆邁鍾張，辭窮班馬。文鋒既振，則宮徵自諧；輕翰暫飛，則花蘤競發。撫萬姓以慈，遇群臣以禮。襃秋毫之善，解吞舟之網。逆耳之諫必聽，膚受之斯絕。好生之德，禁障塞於江湖；惡殺之仁，息鼓刀於屠肆。島鶴荷稻粱之惠，犬馬蒙帷蓋之恩。降乘吮思摩之瘡，登堂臨魏徵之柩。哭戰亡之卒，則哀動六軍；負填道之薪，則精感天地。重黔黎之大命，特盡心於庶獄，臣心識昏憒，豈足論聖功之深遠？談天德之高大哉，陛下兼眾美而有之，靡不備至。微臣深為陛下惜之重之，愛之寶之。《周易》曰：「知進而不知退，知存而不知亡，知得而不知喪。」又曰：「知進退存亡，不失其正者，惟聖人乎？」由此言之，進有退之義，存有亡之機，得有喪之理。老臣所以為陛下惜之者，蓋此謂也。老子曰：「知足不辱，知止不殆。」臣謂陛下威名功德，亦可足矣；拓地開疆，亦可止矣。彼高麗者，邊夷賤類，不足待以仁義，不可責以常禮，古來以魚鱉畜之，宜從闊略。若必欲絕其種類，深恐獸窮則搏。且陛下每決一死囚，必令三覆五奏進素食停音樂者，蓋以人命所重，感動聖慈也。況今兵士之徒，無一罪戾，無故驅之於行陣之閑，委之於鋒刃之下，使肝腦塗地，魂魄無歸，令其老父孤兒，寡妻慈母，望彗車而掩泣，抱枯骨以摧心，足以變動陰陽，感傷和氣，實天下之冤痛也。且兵者凶器，戰者危事，不得已而用之。向使高麗違失臣節，而陛下誅之可也；侵擾百姓，而陛下滅之可也；久長能為中國患，而陛下誅之可也。有一於此，雖日殺萬夫，不足為愧。今無此三條，坐煩中國，內為舊主雪恥，外為新羅報讎，豈非所存者小，所損者大？願陛下遵皇祖老子止足之誡，以保萬代巍巍之名，發霈然之恩，降寬大之詔，順陽春以布澤，許高麗以自新。焚淩波之船，罷應募之眾，自然華夷慶賴，遠肅邇安。臣老病三公，旦夕入地，所恨竟無塵露，微增海嶽，謹罄殘魂餘息，預代結草之誠，儻蒙錄此哀鳴，即臣死且不朽。
臣聞理國要道，實在公平正直，故《尚書》云：「無偏無黨，王道蕩蕩；無黨無偏，王道平平。又孔子稱：」舉直錯諸枉，則民服。「今聖慮所尚，誠足以極政教之源，盡至公之要，囊括區宇，化成天下。
臣聞古之列國，無不強陵弱，眾暴寡。今陛下撫養蒼生，將士勇銳，力有餘而不取之，所謂止戈為武者也。昔漢武帝屢伐匈奴，隋後主三征遼左，人貧國敗，實此之由，惟陛下詳察。
武德中，詔釋奠於太學，以周公為先聖，孔子配享。臣以周公、尼父，俱稱聖人，庠序置奠，本緣夫子。故晉宋梁陳及隋大業故事，皆以孔某為先聖，顏回為先師，曆代所行，古今通允。伏請停祭周公，升夫子為先聖，以顏回配享。
謹按高祖長陵高九丈，光武陵高六丈，漢文魏文並不封不樹，因山為陵。竊以長陵制度，過為宏侈，二丈立規，又傷矯俗。光武中興，明主多依典故，遵為成式，實謂攸宜。伏願仰尊顧命，俯順《禮經》。
按《月令》，蠟法唯祭天宗。近代蠟五天帝五人帝五地祇，皆非古典，今並除之。季冬寅日，蠟祭百神於南郊，大明用犢二，籩豆各四，簋簠登俎各一，神農及伊耆氏各用少牢一，籩豆等與大明同，後稷及五方十二次五官五方田畯五嶽四鎮四海四瀆以下，方別各用少牢一。其日祭井泉於川澤之下，用羊一。卯日祭社稷於社宮，二十八宿五方之山林川澤邱陵坊衍原隰鱗羽臝毛介水墉墳郵表叕貓虎及龍鱗朱鳥白虎元武，方別各用少牢一。每座籩豆各二，簋簠俎各一。蠟祭凡百八十七座當方年穀不登，則闕其祀。蠟之明日，又祭社稷於社宮，如春秋二仲之禮。
將封先祭，義在告神，且備款謁之儀，方展慶成之禮。固當為壇下址，預申齋潔，讚饗已畢，然後登封。既表重慎之深，兼示行事有漸。今請察於山下，封於山上，四出開道，壇場通儀，南面入升，於事為允。今請山上圜壇廣五尺，高九尺，用五色土為之。四面各設一陛，御位在壇前，升自南陛，而就行事。舊藏玉牒，止用石函，亦用書盛篋笥。所以或呼為石篋。然其形大質重，轉徙非易。岱宗儻無此石，皆應取自他山。所以不為混成，累輯而作，大要在於周固，藉其縝密。而近代儀注，更名石感。感非稽古之文，本無義訓可尋。贏縮之間。貴在折中，不煩紛議，更增疑惑。今請方石三枚，以為再累。其十枚石檢，刻方石四邊而立之，纏以金繩，用備檢約。凡言封者，皆是積土之名，利建分封，亦以班社立號，謂之封憚，厥義可知。今若置牒壇上，止因累石，不加繕築，即以為封，匪唯嚴秘之道，有如簡率，亦乃名實不副，理恐乖爽。今請於圜壇之上，安置方石，封印既訖，加五色土，築以為封，高一丈二尺，而廣二丈。金玉重寶，質性堅貞，宗祀嚴禋，皆充器幣。豈嫌華靡？實貴精確。況乎三神壯觀，萬代鴻名。禮極殷崇，事資藻縟，玉牒玉檢，式韞靈琦，傳之無窮，永存不朽。至於廣袤之數，足以載文辭；緘束之方，務在申膠固。今宜立制，隨時損益。豐功厚德，既以跨躡前蹤；盛典宏規，無勞一遵曩式。今請玉牒長一尺八寸，廣厚各五寸，玉檢厚二寸，其印齒疏密，隨印大小，距石之設，意取牢固，本資實用，豈雲巧飾？今既積土厚封，更無差動，天長地久，寧假支持？斜設橫安，請並弗置。勒石紀號，垂裕後昆。美盛德之形容，闡後王之休烈。其義遠矣！其事尚焉！我皇聲暢九垓，威橫八極，靈祇不愛其寶，兆庶無得而稽。但當讚述希夷，以攄臣下之至，具祭壇之例，登封之所，肆覲萬國，受記百神，固宜刻頌，顯揚功業。至如小距環壇，石闕別樹，事非經據，無益禮儀，煩而非要，請從減省。神靈璽寶而弗用，由來無所施行。其六璽雖以封書，莫不披於群下。受命之璽，登封則用，昭事上元，表茲介福，休徵緯兆，豈因常貫？又封檢之璽，分寸不同，即事而言，請並更造。既順肅虔之理，永垂創制之名。禪壇制度，請從新禮，行事儀式，亦並依之。自外委細不載於文者，職在所司，隨事量定，議曰：
謹率愚管，具錄如前，庸疑之言，不足觀采。但封禪大禮，舊典不存。秦漢以來，頗有遺跡。闕而不備，難可甄詳。昔在元封，倪寬專讚其決；逮乎光武，梁鬆獨屍其事。搢紳雜議，不知所裁。至如流俗傳聞，記注臆說，未嘗從事，徒有空言，乖殊不一，曷足雲也？且夫沿革不同，著之前誥，自君作古，聞諸往冊。方今台鉉佐時，遠超風後，秩宗典職，追邁伯夷。究六經之妙旨，畢天下之能事。納於聖德，稟自宸衷，果斷而行，文質斯允。（《文苑英華》載別本同異：「詔旨集公卿及儒生學士議登封事，謹依訪聞，具件如右。但封禪大禮，舊典不存，秦漢以來，頗有遺跡，闕而不備，雞可甄詳。昔在元封時，主博采群論，建武有司亦稟成規，至如記注近書，委巷浮說，不足憑據，無所取材。且夫沿革不同，著於往冊。自君作古，實惟令範。聖朝丕業，方貽萬載，臣下庸蔽，不敢專決，請垂鑒察，克斷宸衷，謹錄奏聞，伏聽裁擇。謹議。」）
將封先祭，義在告神，且備謁敬之儀，方展慶成之禮。固當於壇下恥，預申齊潔，讚饗已畢，然後登封。既表重慎之深，兼示行事有漸。今請祭於泰山下，設壇以祀上帝，以景皇帝配享。壇長一十二丈，高一丈二尺。
梁甫去泰山七十裏，又在東南，至於行事，未為穩便。社首去泰山五裏。是周家禪處，臣等參詳，禪祥社首。
金玉重寶，質性貞堅，宗祀郊禋，皆充器幣，豈嫌華美，實貴精確。況乎三神壯觀，萬代鴻名，禮極殷崇，事資藻縟。玉牒玉檢，式韞靈奇，傳之無窮，永存不朽。今請玉牒長一尺三寸，廣厚各五寸，玉檢厚二寸，長短闊狹，一如玉牒，其印函請隨璽大小，仍纏以金繩五周。
封禪之祭，嚴配作主，皆奠玉策，肅奉虔誠。今玉策四枚，各長一尺三寸，廣一寸五分，厚五分。每策五簡，俱以金編。其一奠上帝，一奠太祖卒，一奠皇地祇，一奠高祖座。
登配之策，盛以金匱，歸格藝祖之廟室，今請長短令容玉策，高廣各六寸，形制如今之表函，纏以金繩，封以金泥，印以受命璽。
舊藏玉牒，止用石函，亦猶盛書篋笥，所以或呼石篋。今請方石三枚，以為再累，。其十枚石檢，刻方石四邊而立之，纏以金繩，封以石泥，印以受命璽。
四出開道，壇場通義，南面八升，於事為允。今請介邱上圜壇廣五丈，高九尺，用五色土加之，四面各設一階，御位在壇南，升自南階而就，上封玉牒。
凡言封者，皆是積土之名，利建分封，亦以班社立號，謂之封禪，厥義可知。今請於圜壇之上，安置方石，璽緘既畢，加土築以為封，高一丈二尺，而廣二丈，以五色土益封，玉牒書藏於內。祀禪之土，其封制亦同此。
謹詳前載方石緘封，玉檢金泥，必資印璽，以為秘固。今請依令用受命璽以封石檢，其玉檢既與石檢大小不同，請更造璽一枚，方一寸二分，文同受命璽，以封玉牒。石檢形制，依漢建武故事。
勒石紀號，垂裔後昆，美盛德之形容，闡後王之休烈，其義遠矣。陛下聲暢九垓，威橫八極，靈祇不愛其寶，兆庶無得而稱，但當讚述希夷，以攄臣下之誌，其登封及禪，並肆覲之壇，並請刻頌立碑，顯揚功業。
既至山下，禮行告至，柴於東方上帝，望秩遍禮群神。今請其壇方八十一尺，高三尺，陛仍四出，其禪方壇及自餘儀式，請從今禮。仍請柴祭望秩，同時行事。
距石之設，意取牢固，本資實用，豈雲雕飾？既積土厚封，足令與天長地久，其大小距環壇石闕回建，事非經誥，無益禮義，煩而非要，請從減省。
案禮，孫為王父屍。案令，祖有蔭孫之義。然則祖孫親重，而兄弟屬輕，蔭重反流，合輕翻死。據禮論情，深為未愜。請定律，祖孫與兄弟緣坐俱配流，其以惡言犯法，不能為害者，情狀稍輕，兄弟免死，配流為允。
如晦字克明，京兆杜陵人。隋大業中，以常調預選補淦陽尉，尋棄官歸唐。初為秦王府兵曹參軍，太宗即位，遷兵部尚書，封蔡國公，進尚書右僕射，與房元齡共掌朝政，談良相者稱房杜焉。貞觀四年薨，年四十六，贈司空，徙封萊，圖形淩煙閣，諡曰成。
天子有爭臣，雖無道，不失其天下。仲尼稱：「直哉史魚！邦有道如矢。」邦無道如矢，世基豈得以煬帝無道，不納諫諍，遂杜口無言，偷安重位；又不能解職請退，則與箕子佯狂而去，事理不同。昔晉惠帝賈後將廢湣懷太子，司空張華竟不能苦爭，阿意苟免，及趙王倫舉兵廢後，使讓張華，華曰：「將廢太子日，非是無言，當時不被納用。」其使曰：「公為三公，太子無罪被廢，言既不從，何不引身而退？」華無詞以答，遂斬之，夷其三族。古人有云：「危而不持，顛而不扶，則將焉用彼相？」故君子臨大節而不可奪也。張華既抗直不能成節，遜言不足全身，王臣之節，固已墜矣。虞世基位居宰輔，在得言之地，竟無一言諫爭，誠亦合死。
彥博字大臨，黎國公大雅弟。隋開皇末授文林郎，復事羅蓺讚歸唐，武德中為中書侍郎。貞觀初累官中書令，封虞國公，遷尚書右僕射。十一年薨，年六十四，贈特進，諡曰恭。
突厥鐵勒，皆上古所不能臣，陛下既得而臣之，請皆置之河北，分立酋長，領其部落，則永永無患矣。
議曰：鄭珣瑜兩字之諡，今太常請依前諡曰「文獻」者。夫諡者，《春秋》襃貶之旨也。仲尼書法，隨類推廣，雖一字襃貶，其文猶博。蓋欲指明事業，以昭示後代，俾後之人懲其惡，勸其善，故不可苟。夫諡一字，正也。堯、舜、禹、湯、周公、召公是也。兩字非正也，故《諡法》不載。或人臣不守彝章，苟逞異端威烈、慎靚是也；或時主之權，以功德加厚於臣也，蕭何、霍光、房元齡、魏徵是也。不當加而加，僭也，孔光、劉寬、薛元超、李元紘是也。三字，過也，貞惠文子是也，亦《諡法》所不載也，古今無有也。公叔文子諡，衛君之過也。衛之亂制也；不然，即記之失也。以一善加一字，即堯、舜、禹、湯，當累數十字以為諡也。夫《禮記》者，非盡聖賢之意也，非盡宣尼之所述也，當時雜記也。昔後蒼為《曲台記》，共弟子戴聖增損刊定為《小戴禮》，今《禮記》是也。若盡宣尼之所述，即戴聖豈得而增也？昔宣尼修《春秋》，遊夏不能措一詞，以知《禮記》非盡宣尼所述，故戴聖得以增損也。則貞惠文子之諡，衛君亂制也，古今無有也。非宣尼所述，又何足法哉！
鄭珣瑜和茂修整，始終無闕，可為美矣。至於議行考功，而度越等輩，比於酂文成、梁文昭、魏文貞則不侔，而諡號無差，輕用國典，失《春秋》之旨矣。向者酂梁數公，皆經綸草昧，輔翼興王，以道輔君，致於化洽，彰灼千古，言之者凜然生敬。而以珣瑜齒之，豈無愧於心哉？夫數公者，皆時主感風雲之會，懷謨明之美，故加於常典，以明其德，亦所以篤君臣之義也。然非正也，權制也。若後之人非數賢之比，則當循常以避數賢地也。其劉仁軌、薛元超、李元紘加字之諡，皆黷國典而昧彝倫，言之可為寒心，豈當舉之以為訓也？其餘姚元崇、宋璟、劉幽求，或輔相一代，致理平之化；或忘身徇難，成中興之業。又豈珣瑜之以典選為進善，以辭疾為嫉惡耶？皆尚口偽辯，非守典確論也。夫以典選者皆為進善耶？若然者，則國家有天下二百年，何裴行儉、馬戴、盧從願等數賢獨見稱於時也？循資署置，謂為進善，異乎餘所聞也。
又珣瑜之病，數月而終，豈偽疾耶？借使偽疾，尤可怪也。昔子路之冗食家臣，有殺身徇難。而珣瑜履台輔之重，當危難之際，平居則饗其高爵厚祿，見危則奉身自保，以此為是非之明，即董狐之書趙盾，為妄作也。珣瑜之辭疾可責，於太常舉以為德，信君臣之義，非常人所知也。珣瑜之下詰李實，誠中其疾，可謂美矣。然則珣瑜自始筮仕，至於啟手足，垂四十年，曆諫職，持風憲，其忠規激發，恐有過此者，今太常舉其下詰李實，未為多也。謂為謇諤者眾矣，豈能使汲黯、魏徵有慚色哉！
前巽議云：三代兩漢無二字之諡，此未學之過也。無荀文若之進善，無孟軻之是非，無文子之賑施，無周舍之謇諤；以珣瑜之行，清而無闕，可為掩之，不足辯也。今所議兩字之諡，亦又不當，其議固不足斥也，前巽之言過矣。但兩字之諡，加等之美，以蕭何、房元齡言，不在珣瑜也。巽雖不敏，至於言諡美以惑人聽，此嚐所激切而不平也。終不欲有僭，齒於蕭何、房元齡之宗，又不欲有造次，擬於魏文貞、姚元崇、宋璟、劉幽求之讜言悟主、茂績殊勳也。
夫前車之覆，後車所以易轍也；前有司之失，後有司當有以矯之也。不矯之，則逶迤遂達，以至亂制，此有國之誡也。威烈、慎靚，孔光、劉寬、薛元超、李元紘之同於禹、湯、文、武、蕭何、霍光、房元齡、魏徵，前有司之過，後之專筆削者，宜有以矯之也。不矯之，典禮寢亂矣。有司不可以尤而效之也，不可以黨所見而遂僭典也。鄭珣瑜兩字之諡，請下太常重議，若一字不足盡珣瑜之盛德，必須兩字，則敢俟再告。謹議。
議曰：鄭珣瑜兩字之諡，今太常請依前諡曰「文獻」者。夫諡者，《春秋》襃貶之旨也。仲尼書法，隨類推廣，雖一字襃貶，其文猶博。蓋欲指明事業，以昭示後代，俾後之人懲其惡，勸其善，故不可苟。夫諡一字，正也。堯、舜、禹、湯、周公、召公是也。兩字非正也，故《諡法》不載。或人臣不守彝章，苟逞異端威烈、慎靚是也；或時主之權，以功德加厚於臣也，蕭何、霍光、房元齡、魏徵是也。不當加而加，僭也，孔光、劉寬、薛元超、李元紘是也。三字，過也，貞惠文子是也，亦《諡法》所不載也，古今無有也。公叔文子諡，衛君之過也。衛之亂制也；不然，即記之失也。以一善加一字，即堯、舜、禹、湯，當累數十字以為諡也。夫《禮記》者，非盡聖賢之意也，非盡宣尼之所述也，當時雜記也。昔後蒼為《曲台記》，共弟子戴聖增損刊定為《小戴禮》，今《禮記》是也。若盡宣尼之所述，即戴聖豈得而增也？昔宣尼修《春秋》，遊夏不能措一詞，以知《禮記》非盡宣尼所述，故戴聖得以增損也。則貞惠文子之諡，衛君亂制也，古今無有也。非宣尼所述，又何足法哉！
鄭珣瑜和茂修整，始終無闕，可為美矣。至於議行考功，而度越等輩，比於酂文成、梁文昭、魏文貞則不侔，而諡號無差，輕用國典，失《春秋》之旨矣。向者酂梁數公，皆經綸草昧，輔翼興王，以道輔君，致於化洽，彰灼千古，言之者凜然生敬。而以珣瑜齒之，豈無愧於心哉？夫數公者，皆時主感風雲之會，懷謨明之美，故加於常典，以明其德，亦所以篤君臣之義也。然非正也，權制也。若後之人非數賢之比，則當循常以避數賢地也。其劉仁軌、薛元超、李元紘加字之諡，皆黷國典而昧彝倫，言之可為寒心，豈當舉之以為訓也？其餘姚元崇、宋璟、劉幽求，或輔相一代，致理平之化；或忘身徇難，成中興之業。又豈珣瑜之以典選為進善，以辭疾為嫉惡耶？皆尚口偽辯，非守典確論也。夫以典選者皆為進善耶？若然者，則國家有天下二百年，何裴行儉、馬戴、盧從願等數賢獨見稱於時也？循資署置，謂為進善，異乎餘所聞也。
又珣瑜之病，數月而終，豈偽疾耶？借使偽疾，尤可怪也。昔子路之冗食家臣，有殺身徇難。而珣瑜履台輔之重，當危難之際，平居則饗其高爵厚祿，見危則奉身自保，以此為是非之明，即董狐之書趙盾，為妄作也。珣瑜之辭疾可責，於太常舉以為德，信君臣之義，非常人所知也。珣瑜之下詰李實，誠中其疾，可謂美矣。然則珣瑜自始筮仕，至於啟手足，垂四十年，曆諫職，持風憲，其忠規激發，恐有過此者，今太常舉其下詰李實，未為多也。謂為謇諤者眾矣，豈能使汲黯、魏徵有慚色哉！
前巽議云：三代兩漢無二字之諡，此未學之過也。無荀文若之進善，無孟軻之是非，無文子之賑施，無周舍之謇諤；以珣瑜之行，清而無闕，可為掩之，不足辯也。今所議兩字之諡，亦又不當，其議固不足斥也，前巽之言過矣。但兩字之諡，加等之美，以蕭何、房元齡言，不在珣瑜也。巽雖不敏，至於言諡美以惑人聽，此嚐所激切而不平也。終不欲有僭，齒於蕭何、房元齡之宗，又不欲有造次，擬於魏文貞、姚元崇、宋璟、劉幽求之讜言悟主、茂績殊勳也。
夫前車之覆，後車所以易轍也；前有司之失，後有司當有以矯之也。不矯之，則逶迤遂達，以至亂制，此有國之誡也。威烈、慎靚，孔光、劉寬、薛元超、李元紘之同於禹、湯、文、武、蕭何、霍光、房元齡、魏徵，前有司之過，後之專筆削者，宜有以矯之也。不矯之，典禮寢亂矣。有司不可以尤而效之也，不可以黨所見而遂僭典也。鄭珣瑜兩字之諡，請下太常重議，若一字不足盡珣瑜之盛德，必須兩字，則敢俟再告。謹議。
德棻宜州華原人，武德中官秘書丞。貞觀中封彭城子，累除秘書少監。高宗朝遷國子祭酒，進爵為公。乾封元年卒，年八十四，諡曰憲。
竊見近代已來，多無正史，梁陳及齊，猶有文籍，至周隋遭大業離亂，多有遺闕，當今耳目猶接，尚有可憑，如更十數年後，恐事跡湮沒。陛下既受禪於隋，複承周氏曆數，國家二祖，功業並在周時，如文史不存，何以貽鑒千古？如臣愚見，並請修之。
若夫難渾起一，龍聖開三，飛羲畫而逾繩，泛軒文而越契。端宸肅扆，題尊玉宇之中；斑屣彯琚，光佐璿逵之右：洪猷僅於禮樂，秀業止於仁義。亦有棲月籠霞之俊，乘黿控鯉之英，窒欲蟺姿，茹丹菌於秘洞；休糧蛻影，吸青露於神邱。終驚迅節之期，徒侈浮歡之會。豈若能仁撫運，梵典開宗，撰妙輪而曾擊，俶寶騎而高引。無生之生，究生生於至賾；不滅之滅，窮滅滅於幽源。大千通智炬之輝，盡億曳法蠡之響。繁罝弛網，邁三咒於湯年；苦流堙洪，軼四乘於夏序。浸群方而演澤，濟悠劫而凝勳。襲欺義者便屈紫皇之敬；入其道者，迺標黔首之尊：為愛習之良資，作塵勞之依止。洎乎星潯褫照，日夢飛光，東徙休屠之像，西漸罽賓之化。高人響係，敷妙說於琅函；茂德肩隨，暢真詞於貝牒：列辟以之崇奉，綿代以之欽尚。故苻秦肅念，紆翠輦而同嬉；劉漢虔誠，下緗輿而致禮。唯有牛圖晚運，慧星暖而還明；龍緒衰辰，德水凝而複渙。
我大唐澄飛日海，撲燎霞昆，延喜流禎，昭華獻吉。財成紫宙，葳蕤改粒之勳；大比蒼黎，茵靄遷裳之業。皇帝乘雷震極，鑠電離宮，驅九駮以曾馳，駕八驥而橫厲。希風崛岫，啟鶴苑於神畿；仰化連河，構蜂台於勝壤：敷攝誘之徽範，敦愛敬之洪模。而以控國必俟於忠，裝家實資於孝，爰命僧怪之輩，將申跪拜之儀。則裕凝懷，誶通規於會府；因心在念，舍輿頌於英寮。雖囂議相攻，各言其誌，而宸襟曆選，遂率於常。特懷顧複之恩，仍致升堂之拜。悰上人衝宇淹穆，秀器韶雅，迥韻道通，峻詞閑綽。身城浪謐，飛寶仞以衝天；意樹紛披，聳珍翹而拂漢。既洽九儒之要，還探三藏之微，緇徒擅其誇節，素侶挹其徽望：固已偶跡乘杯，侔聲飛錫者矣。將恐迷生曲學，近識孤聞，以適俗之權為會真之寶，叩鳳閽而莫遂，叫鸞掖而無從，爰興護念之心，載啟發揮之作。粵自晉氏，迄於聖代，凡其議拜事，並集而錄之。總合三篇，分成六卷，為之讚論，格以通途。縟旨含鏘，雕文振彩，信所以激昴幽致，刷蕩冥津者也。隱客業寡才疏，名蕪槩淺，坐煙郊而晦跡，泊風戶以棲神。徒以早尚華編，深崇葉篆，欣茲盛事，綴而序之。秋粦輕光，匪助奔羲之曜；春蛙陋響，寧裨大樂之音？聊以宣情，詎雲摛藻？與我同誌，幸無誚焉。
若夫難渾起一，龍聖開三，飛羲畫而逾繩，泛軒文而越契。端宸肅扆，題尊玉宇之中；斑屣彯琚，光佐璿逵之右：洪猷僅於禮樂，秀業止於仁義。亦有棲月籠霞之俊，乘黿控鯉之英，窒欲蟺姿，茹丹菌於秘洞；休糧蛻影，吸青露於神邱。終驚迅節之期，徒侈浮歡之會。豈若能仁撫運，梵典開宗，撰妙輪而曾擊，俶寶騎而高引。無生之生，究生生於至賾；不滅之滅，窮滅滅於幽源。大千通智炬之輝，盡億曳法蠡之響。繁罝弛網，邁三咒於湯年；苦流堙洪，軼四乘於夏序。浸群方而演澤，濟悠劫而凝勳。襲欺義者便屈紫皇之敬；入其道者，迺標黔首之尊：為愛習之良資，作塵勞之依止。洎乎星潯褫照，日夢飛光，東徙休屠之像，西漸罽賓之化。高人響係，敷妙說於琅函；茂德肩隨，暢真詞於貝牒：列辟以之崇奉，綿代以之欽尚。故苻秦肅念，紆翠輦而同嬉；劉漢虔誠，下緗輿而致禮。唯有牛圖晚運，慧星暖而還明；龍緒衰辰，德水凝而複渙。
我大唐澄飛日海，撲燎霞昆，延喜流禎，昭華獻吉。財成紫宙，葳蕤改粒之勳；大比蒼黎，茵靄遷裳之業。皇帝乘雷震極，鑠電離宮，驅九駮以曾馳，駕八驥而橫厲。希風崛岫，啟鶴苑於神畿；仰化連河，構蜂台於勝壤：敷攝誘之徽範，敦愛敬之洪模。而以控國必俟於忠，裝家實資於孝，爰命僧怪之輩，將申跪拜之儀。則裕凝懷，誶通規於會府；因心在念，舍輿頌於英寮。雖囂議相攻，各言其誌，而宸襟曆選，遂率於常。特懷顧複之恩，仍致升堂之拜。悰上人衝宇淹穆，秀器韶雅，迥韻道通，峻詞閑綽。身城浪謐，飛寶仞以衝天；意樹紛披，聳珍翹而拂漢。既洽九儒之要，還探三藏之微，緇徒擅其誇節，素侶挹其徽望：固已偶跡乘杯，侔聲飛錫者矣。將恐迷生曲學，近識孤聞，以適俗之權為會真之寶，叩鳳閽而莫遂，叫鸞掖而無從，爰興護念之心，載啟發揮之作。粵自晉氏，迄於聖代，凡其議拜事，並集而錄之。總合三篇，分成六卷，為之讚論，格以通途。縟旨含鏘，雕文振彩，信所以激昴幽致，刷蕩冥津者也。隱客業寡才疏，名蕪槩淺，坐煙郊而晦跡，泊風戶以棲神。徒以早尚華編，深崇葉篆，欣茲盛事，綴而序之。秋粦輕光，匪助奔羲之曜；春蛙陋響，寧裨大樂之音？聊以宣情，詎雲摛藻？與我同誌，幸無誚焉。




