臣聞於宣政殿冊皇太子訖。伏以建崇儲位，光啟春闈，萬方以貞，九服同慶。伏惟皇帝陛下誕敷聖訓，光啟天慈，鹹元貞於國經，鍾福慶於邦本。皇太子溫恭表德，仁孝因心，方毓質於龍樓，肇增輝於望苑。臣戎守有限，不及蹈舞稱賀。
右，中使臣希倩至，伏奉詔書，吳少誠比令招討，都不悛心，今以韓全義充蔡州行營招討處置等使，臣當軍兵馬，令取全義指揮；上官說充招討副使，令臣使人詣行營所撫慰將士，仍令激勵。臣伏見逆賊吳少誠，殘喘微生，驟飛賤品，敢違帝命，來即靈誅。陛下天覆為心，雲行其德。念日月所照，九州攸同。哀陷井之中，一夫不獲。懸申詔旨，開賜生全。而長惡未悛，執迷不複，凶逾殛鯀，聲極吠堯。今既慎選武臣，盡驅猛士，威聲先路，實勵於震霆。翦滅克期，必同於沃雪。欣歡奮激，倍百恒情。當道應行營將士等，悉懷感怒，畜力候奮。指蹤示處，既以得人，致命捐軀，必應無敵，臣即準詔差人專往慰諭，仍切加激勵，冀申微效，用答深恩。不任悃款之至。
右，中使臣希倩至，伏奉詔書，得全義總率諸軍，已入賊界，四月二十七日大破賊徒，並擒斬生級，如有身死王事者，已委全義並給棺櫬，送歸本道，令臣五年莫停衣糧者。吳少誠畎澮下流，不朝於海；根荄弱質，自絕於天。狴牢之中，鳴吠未已。今霜鋒雲集，月羽風馳。既壓賊軍，才聞儳鼓；將摩寇壘，已見靡旗。實廟堂知先勝之形，校隊陳爭登之力，誅鋤有次，蔑殺無難。凡在方隅，不勝欣抃。臣伏以雖忠不烈戰士所羞；視死如歸，武夫之誌。伏惟陛下宏天覆幬，為日照臨，載激怒肝，爰收膚骨。漢世徒頒其槥櫝，義闕送終；周詩縱裹其餱糧，賞延非嗣。以今觀古，奮一當千。臣獲守邊陲，叨居將帥，無任感激之至。
右，臣得當道行營兵馬使李黯狀報，今月十三日，於故信州城下破賊三千人，斬首七百餘級者。臣伏以舉趾或高，則無所措，退藏多密，罔或不亡。逆賊吳少誠，用已之愚，劫人為惡，唯日不足，謂天可逃。自韓全義稟受廟謀，總齊力士，橫行於境，深入其郛。兵才交鋒，寇已亂轍。以羸師之骸，掛罣罥穢草而腥林；疲馬之命，委離裝壕而咽塹。實由奪其信幟，拔彼懸門，遂使戰野者不知所歸，守陴者無從而出。凶徒風散，叛卒星分。亦足以快帝怒於高天，宣皇威於下土。況臣任當旄鉞，誓埽氛祲，慶抃之情，實萬恒品。所守有限，不獲稱賀闕庭。無任屏營之至。
右，臣得當道行營兵馬使李黯狀報，今月十三日，於故信州城下破賊三千人，斬首七百餘級者。臣伏以舉趾或高，則無所措，退藏多密，罔或不亡。逆賊吳少誠，用已之愚，劫人為惡，唯日不足，謂天可逃。自韓全義稟受廟謀，總齊力士，橫行於境，深入其郛。兵才交鋒，寇已亂轍。以羸師之骸，掛罣罥穢草而腥林；疲馬之命，委離裝壕而咽塹。實由奪其信幟，拔彼懸門，遂使戰野者不知所歸，守陴者無從而出。凶徒風散，叛卒星分。亦足以快帝怒於高天，宣皇威於下土。況臣任當旄鉞，誓埽氛祲，慶抃之情，實萬恒品。所守有限，不獲稱賀闕庭。無任屏營之至。
右，臣伏準貞元六年十一月八日敕旨，自今以後，諸州刺史縣令以肆考，如理術尤異，實效可稱，考滿日委觀察使錄事跡以聞，特加獎擢者。前件官守文惟謹，持法甚精，清廉有餘，貞固無比。臣伏見嶺南，風俗惰懶，苟避征徭，易成逋竄。張愻憂人若己，理郡如家；勸課農桑，置立保社；移風為敦厚之境，徵賦無慘急之名。周旋六年，其道一致。臣猥司廉察，忝守方隅，以所見聞，懇須甄錄。
右，前件業傳忠厚，雅尚文儒，貞白居心，公勤守職，累曾試用，皆著清廉。頃崔漢衡在晉州日，奏授殿中侍禦史，充都防禦判官，直道不回，正詞無隱，賓僚之內，裨益甚多。知是公才，豈為參佐？屢詳疑獄，心盡哀矜。嚐判劇曹，事無留滯。臣是以錄其勞效，奏請改官。伏蒙聖恩特授前件官，今赴闕下，奉詔旨不敢乞留。臣伏以孟修自有幹能，誠堪任使。所知微分，輒敢薦聞。幹冒宸嚴，伏增戰越。
右件官蘊蓄公才，精勤吏道，文章史傳，無不該通。大曆末則與臣及徐泗節度使張建封同事故馬燧作判官。建中三年，曾以公事直言，不合其意，遂被奏授交城縣令。及有政績襃然，疲羸悉安，征賦皆辦。臣以其四居畿令，兩任法官，有學有才，堪為賓佐，委令推斷，無不詳平；與之籌畫，多所裨益，相諳相識，二十餘年。滯屈最深，實希榮獎。伏望天恩特賜改官，充臣觀察支使。
右，臣伏以元日開歲，東風發春，人神大和，天地交泰。伏惟皇帝陛下鴻猷更始，寶祚惟新，協三朝之會同，受萬國之歸慶。臣某職當分閫，屬忝維城，未聳翼於丹霄，空馳心於皇極。前件馬並鞍轡等，馳驅有度，雕鏤初成，願將行地之功，以奉如山之壽。千煩宸嚴，伏增戰汗。
右，高迪稱，鎮州、魏博兵馬至多，並未分得賊勢，緣不離舊處下營，一兩箇月，一度將兵深入，燒掠村閭，驅奪牛馬，與乞火相類。賊中並固守城邑，外有村閭牛馬，賊亦不惜。今須令鎮州兵馬移軍下寨，扼其要害，每移三二十里即得。魏博即須令早過漳河。若且如今日下營處，賊中都未忙忽，灼然分賊勢未得。又云，河北節度使，朝廷若會其情，甚易驅使。每賜詔，切要好言語優獎，彼此不要令知。與元逵詔，即須云一切委任元逵；與弘敬詔，即云一切委任弘敬。但稍示親信，必自盡心。
右，臣伏以五者天之成數，夏者天之仁時。伏以陛下用仁時，而長養群生，舉成數而陶甄品物。是以百蠻委瑞，萬國歸誠，同瞻日月之光，共奉乾坤之壽。臣方從邊役，未在周行，謬宣力於清朝，竊馳心於令節。前件馬等，柔馴既久，雕飾初成，敢因五日之良，以續千年之慶。千冒陳獻，伏用兢惶。
右，高迪稱，鎮州、魏博兵馬至多，並未分得賊勢，緣不離舊處下營，一兩箇月，一度將兵深入，燒掠村閭，驅奪牛馬，與乞火相類。賊中並固守城邑，外有村閭牛馬，賊亦不惜。今須令鎮州兵馬移軍下寨，扼其要害，每移三二十里即得。魏博即須令早過漳河。若且如今日下營處，賊中都未忙忽，灼然分賊勢未得。又云，河北節度使，朝廷若會其情，甚易驅使。每賜詔，切要好言語優獎，彼此不要令知。與元逵詔，即須云一切委任元逵；與弘敬詔，即云一切委任弘敬。但稍示親信，必自盡心。
宣懿皇太后祔廟事。右，臣等訪求典禮，敢不詳慎。伏以太廟合食，非臣子所議，苟不由禮，必為後代所譏。《漢書》云：「古人據正守順，不敢私其君。如此之難也。」臣等若輕為獻議，不守禮經，非惟上負聖德，固亦自貽物論。所以前者附欽義、承慶口奏，假以太皇太后之意，即於禮至順，人無異詞。制中云：「近因慶誕太皇太后，追感先帝久曠配食之禮，便及先太后母德慈仁，合配先聖。」陛下秪承聖旨，詔臣下行之，於禮無違，可為後代之法。若捨此商量，便須出於聖意降敕。情禮至重，實難措詞。伏望陛下察臣等愛君之心，納臣等秉禮之志，特允所奏，必合群情。臣等不勝懇切之至。
右，伏以月維正陽，日次南午，千官拜稱觴之慶，萬國陳執珪之禮。將以嗣續聖壽，延洪昌期，蓋朝廷之舊儀，乃臣子之常事。前件銀器等，或便於用，正當其時。慚經萬里之遙，願獻九天之上。塵黷宸鑒，無任戰懼。
右，臣伏以建子實三微之宗，黃鍾為六律之本，冬氣方至，壁星正中。伏惟皇帝陛下統馭天正，發生陽數。壽等南山之固，萬姓具瞻；恩均東海之波，百川皆赴。臣某限從外役，叨奉殊私，秉戎律以輸誠，望宸居而積戀。前件鞍馬等，非追風照地之駿麗，無切玉穿劄之堅強，用愧含香，名慚承露。輒備祝堯之禮，願申朝禹之心。幹冒宸嚴，無任戰越。
右，高迪稱，鎮州、魏博兵馬至多，並未分得賊勢，緣不離舊處下營，一兩箇月，一度將兵深入，燒掠村閭，驅奪牛馬，與乞火相類。賊中並固守城邑，外有村閭牛馬，賊亦不惜。今須令鎮州兵馬移軍下寨，扼其要害，每移三二十里即得。魏博即須令早過漳河。若且如今日下營處，賊中都未忙忽，灼然分賊勢未得。又云，河北節度使，朝廷若會其情，甚易驅使。每賜詔，切要好言語優獎，彼此不要令知。與元逵詔，即須云一切委任元逵；與弘敬詔，即云一切委任弘敬。但稍示親信，必自盡心。
右，伏以迎日良辰，書雲令節，始生一陽之數，首出三統之正。華裔交歡，天人同慶。臣某名班將帥，守在封疆，阻羅拜於彤墀，空注誠於紫闕。前件鞍馬器械等，雖無犀利，稍似馴良。恭陳遠路之心，願備廣庭之實。幹冒宸扆，伏增戰越。謹遣某官隨狀奉進。
右件銀物等，非有可觀，甚無所直。以其方圓不礙，斟挹酒漿；潔白自持，宜承咳唾。敢因長日，願獻上天。幹冒宸嚴，無任戰越。
右，伏以千年元命之符，四月正陽之氣，出震吉日，繼乾良辰。黃河再清，冠中古之表德；恒星不見，掩西方之誕聖。前件器物，或堅白無玷，或馨香有聞，敢同率土之心，以續如天之壽。幹冒宸扆，伏增戰越。
右，臣伏以繞樞之電，曾委瑞於軒皇；照室之光，昔呈祥於漢後。伏惟皇帝陛下貴從天下，明在日中，當四月之正陽，值千秋之聖運。人神葉慶，朝野同歡。臣任重戎旃，路遙北闕。歡呼萬歲，如聞山嶽之聲；傾竭一心，庶均葵藿之誌。前件馬等，誠非珍異，頗似柔馴。幹冒宸嚴，伏增戰越。
右，高迪稱，鎮州、魏博兵馬至多，並未分得賊勢，緣不離舊處下營，一兩箇月，一度將兵深入，燒掠村閭，驅奪牛馬，與乞火相類。賊中並固守城邑，外有村閭牛馬，賊亦不惜。今須令鎮州兵馬移軍下寨，扼其要害，每移三二十里即得。魏博即須令早過漳河。若且如今日下營處，賊中都未忙忽，灼然分賊勢未得。又云，河北節度使，朝廷若會其情，甚易驅使。每賜詔，切要好言語優獎，彼此不要令知。與元逵詔，即須云一切委任元逵；與弘敬詔，即云一切委任弘敬。但稍示親信，必自盡心。
宣懿皇太后祔廟事。右，臣等訪求典禮，敢不詳慎。伏以太廟合食，非臣子所議，苟不由禮，必為後代所譏。《漢書》云：「古人據正守順，不敢私其君。如此之難也。」臣等若輕為獻議，不守禮經，非惟上負聖德，固亦自貽物論。所以前者附欽義、承慶口奏，假以太皇太后之意，即於禮至順，人無異詞。制中云：「近因慶誕太皇太后，追感先帝久曠配食之禮，便及先太后母德慈仁，合配先聖。」陛下秪承聖旨，詔臣下行之，於禮無違，可為後代之法。若捨此商量，便須出於聖意降敕。情禮至重，實難措詞。伏望陛下察臣等愛君之心，納臣等秉禮之志，特允所奏，必合群情。臣等不勝懇切之至。
右，臣伏以裏社既鳴，鬥樞爰電，誕生元聖，允葉純陽。實萬國同歡之時。而千齡兆慶之日，臣某限從邊役，違奉天慈，飲河每挹於清瀾，向闕遙瞻於紫氣。前件鞍馬等，駿非金骨，麗乏錦韉，慚無照地之光，願獻呼嵩之壽。幹冒陳獻，伏增戰越。
右，臣伏以居至道之尊，其唯元命；助無疆之祚，亦在勝因。是以千年為慶誕之期，百福有莊嚴之義。伏惟皇帝陛下以文武道，為天人師。降生於純陽之月，纘承於大寶之位。效祉而四夷奔走，流歡而萬國謳歌。臣某職在監司，土無珍異，恨無以拜上元之慶，酬厚載之仁。敢伏普通，轉修經戒。仰申誠懇，以就有為之功；上為聖神，庶資無量之壽。其馬久令教習，頗似柔訓，願承內廄之恩，以備屬車之駕。幹冒塵瀆，不任戰汗之至。
右，奉敕令臣撰者，臣今撰了，謹連如後。竊以揚先帝無疆之德，薦陛下罔極之恩，宜擇能者，永垂不朽。聖意以臣備位相府，策名文場，忘其庸虛，賜以撰述。頃自哀迷重疊，心緒摧落，雖磨鉛雕朽，已竭其精誠；捧日窺天，難窮其高遠。幹冒封進，無任悲躍屏營之至。
右，伏以首夏清和，含桃香熟，每聞采擷，須有提攜，以其鮮紅，宜此潔白。前件銀籠並煎茶具慶等，羨餘舊物，銷煉新成。願承薦寢之羞，敢效梯山之獻。其通犀毒瑁上藥等，買並依價，采皆及時。誠非珍奇，恐要聚蓄。勤奉丹款，不敢不進。
右，伏以半夏欲生，正陽初王，將勝時熱，在新其衣。前件白蕉，先時織成，依價市得；光雖讓雪，疏不礙風。願充當暑之服，爰申任土之貢。幹冒宸聰，無任戰汗。
右，臣得征馬使穆材狀，謹具毛色如前者。臣伏以行地之用，莫神於馬，擅華名者則眾，效奇質者甚稀。伏惟陛下廣大際天，高明配日，殊祥競發，休祉薦臻。前件馬稟天駟之精，體坤元之德，毛拳惟細，鬛赤而高，尾掉肉而蜿蟺，額帶星而倜儻。臣謹差虞候辛峻專往覆視，俱如前列，峻雲雙瞳有耀，四蹄如削，宛然天產，定是龍媒。允協建午之辰，光昭太乙之貺。臣見今就太原府養調旬月，稍任行步，即專陳獻，謹差某官聞奏。
右，臣得嵐州刺史趙挺六月二十九日狀稱，嵐州合河縣太平鄉大慶村收獲前件白兔，差行官李希林送到者。臣謹按《瑞應圖》曰：「白兔壽千年，滿五百則色白。」又曰：「王者恩加耆老，則白兔見。」臣伏以白惟正色，兔實仁獸，來皆有為，出必以時。伏惟陛下聖壽無疆，神功不宰，是故太陰精魄，降以為瑞。皓質玉立，素毛霜垂，清明不讓於殷狼，皎潔可齊於周鹿。況村為大慶，鄉號太平，無為而成，不索而獲。協元符之一氣，彰皇德於千齡。雖標中瑞之科，實應太廟之曲。臣忝守藩鎮，睹茲休祥，無任抃躍歡慶之至。
右，高迪稱，鎮州、魏博兵馬至多，並未分得賊勢，緣不離舊處下營，一兩箇月，一度將兵深入，燒掠村閭，驅奪牛馬，與乞火相類。賊中並固守城邑，外有村閭牛馬，賊亦不惜。今須令鎮州兵馬移軍下寨，扼其要害，每移三二十里即得。魏博即須令早過漳河。若且如今日下營處，賊中都未忙忽，灼然分賊勢未得。又云，河北節度使，朝廷若會其情，甚易驅使。每賜詔，切要好言語優獎，彼此不要令知。與元逵詔，即須云一切委任元逵；與弘敬詔，即云一切委任弘敬。但稍示親信，必自盡心。
右，臣所管采捕得前件鷹，兩翅齊肩，雙翎對忄雙。雖非神俊，稍似瑰奇。以臣微誠，輒敢陳獻。風霜之後，儻或得用於三驅；鳥雀之中，曾冀成名於一擲。幹冒宸扆，無任戰越。
右，臣得司錄參軍李旦等狀稱，前件府名三都，望同兩府，吏曹近日稍易舊規，格限之中，增加選數，特乞奏聞者。謹檢開元十一年正月二十八日敕，置北都，府縣資望，並準京兆府、河南府，中間吏曹暫有降下，前使王縉、薛兼訓、馬燧、李說並有舉奏，尋蒙複舊。今準三月十五日敕，停減諸州府雙曹司錄判司及甲曹參軍，特蒙敕旨，京兆河南太原三府不在減限。伏以太原府龍興盛業，天啟雄藩，有義旗起建之堂，為仙駕留遊之地，官標留守，驛署都亭。典章甚明，制度鹹在。數年來吏部選格，不同京兆河南兩府，官資稍下，選數則深。掾吏諸臣，懇有披訴。儻徇從權之義，恐乖仍舊之規。伏乞聖慈，特敕吏部，準元敕與京兆河南一例處分。
右，淮泗寇猶或未除，天下人臣，皆思奮擊。臣伏以射渠魁之目，勁弩為先；舂大憝之心，長槍是切。比雖兼習，多不專精。臣今選定前件官健，取八月四日於城東起教，不敢不奏。
右，臣伏以逆賊吳少誠，孤負聖明，作為奸亂，尚延晷刻之命，未即雷霆之誅。天下人臣，皆同憤激。況臣任當旄鉞，誓埽煙塵。割肌肉以資軍，亦無所苦；執幹戈而衛國，惟恐不堪。況將士等忠，義居心，堅剛挺質，勇於戰陣，樂此征行。臣謹差前件兵馬如前，其資裝器械，一事已上，並無所闕，續具發日聞奏。仗其忠順，兵氣自雄；諭以功名，眾心皆勵。矧茲窮寇，非足勞師。伏望天恩，不至憂軫。
右，臣伏以不教視成，為國之蠹政；有備無患，前王之格言。今吳少誠叛渙汝南，憑陵淮右。雖烏鳶嘯聚，見彈已驚；而枳棘萌生，須鋤其本。昨臣所陳章奏，願往討平。及奉詔書，但令排比。在軍中之百事，誠有舊規；以麾下之萬人，要知新令。謹取今月二十五日於東城準敕教習，至二十九日大設後各勒歸本鎮，不敢不奏。
右，中使臣希倩至，伏奉詔書，兼宣恩旨，慰問臣今差前件兵馬者。臣伏以吳少誠內懷奸詐，上負聖明，因幸鄰喪，遂虧臣節，提攜逆黨，逼迫孤城。凡在忠良，不勝憤切。況臣謬居方鎮，便合討平。伏蒙陛下委曲照臨，丁寧誨諭，感概而毛發盡勁，憤啟而肺腸皆激。諸軍會合，計日翦除。當道兵馬差定訖，已具列狀奏聞。
右，臣得太原府牒，前件人為母阿張患病，割股奉母，其母所得疾漸損者。臣伏以登於大孝，在禮為難；忍其甚痛，於人不易。王士昊長於市井，利在錐刀，誓以誠明之心，療其羸老之疾，割肉於股，饋羹於堂。信可以感通神明，風變人俗。某猥司廉察，獲守方隅，以此至性，恐須旌表。
右，臣得太原府牒，前件人為母久患，割股奉母，所疾漸損者。臣差當縣主簿劉戡檢驗得狀，具如前申者。臣伏以縱螫及膚，口猶難忍；援刀刺骨，心豈易安。前件人出於畎畝之中，長在草茅之下，天生仁孝，日用元和，忘甚痛於己軀，期有瘳於親疾。人倫共感，名教所宗。斯實陛下仁奄周王，孝逾虞帝，陶蒸動物之性，啟迪仁人之心。況臣守在方隅，職司廉察，據其至行，恐合襃稱。
右，臣適蒙恩獎，獲守方隅，力小任大，常憂敗累。伏以行軍司馬相副之職，知府少尹共理之官，未得其人，久空此位。每平均征賦，繕理邊陲，實藉通材，以分重寄。伏惟陛下察臣心之懇款，知軍務之殷繁，選於中外，為此副貳。陛下所用，即臣所知，苟獲同心，庶無闕等。謹遣某官奉狀奏請。
諸道新授方鎮節度使等，具弩抹帶器仗，就尚書省兵部參辭。伏以軍國異容，古今定制，若不繇舊，斯為改常。未聞省閤之門，忽入弓刀之器。鄭注外蒙恩寵，內蓄凶狂，首創奸謀，將興亂兆。遂致王璠、郭行餘之輩，敢驅將吏，直詣闕庭，震驚乘輿，騷動京國，血濺朝路，屍僵禁街。史冊未書，人神共憤。既往不咎，其源尚開。前件事宜，伏乞聖恩速令停罷。如須參謝，即具公服。
