敕王承宗：朕臨馭天下，及此五年，三叛誅夷，四方清泰。不以功武自負，常推恩信為先。爾父雲亡，即欲命卿受詔，而遠近方鎮，內外人情，紛然奏陳，皆雲不可。朕以卿累代積勳賢之業，一門有忠義之風，功著艱危，恩連姻戚，雖中心是念，而眾請難違，可否之間，久不能決。然亦欲觀卿進退之禮，卿忠孝之心。卿自罹閔凶，屬經時月，待使臣而動皆得禮，奉章疏而言必由衷，請獻官員，願輸貢賦，而又上陳密款，遠達深誠，潔身而謀出三軍，損己而讓推二郡，斯有以得臣子之大節，知君親之大恩。卿心既然，朕意亦定，特加新命，仍撫舊封，今授卿起複左金吾衛大將軍檢校工部尚書充成德軍節度使恒州刺史恒冀深趙等州觀察等使兼禦史大夫，仍賜上柱國，並賜告身旌節等件。想卿忠孝，哀感兼深。其德棣兩州，以卿進讓，元欲於卿親屬之內，選授一人，在法雖有推恩，相時亦恐非便。今所以除薛昌朝德棣兩州觀察使，昌朝昔嚐事卿先父，今又與卿親鄰，卿宜具以誠懷，令報昌朝知悉。卿今受命之後，足得節制三軍，使其不失事宜，方見卿之忠藎。昨者眾情易惑，非卿不能效此誠，群議難排，非朕不能斷此意。所宜保持大義，勉勵遠圖，深念斯言，永副予望。其當軍大將已下，各宜特與改轉，卿即條錄聞奏，其官餃，亦宜量加優賞，想宜知悉。
敕茂昭：盧校至，省所陳奏，具悉。卿翼戴君親，出入將相，久專戎閫，累覲王庭，忠勞必竭其智謀，誠懇每形於章表。近者誌在憂國，慮及安邊，請率精兵，親防點虜。朕以卿當管軍鎮，寄重事殷，實藉撫綏，用安封部，雖未允所請，而深嘉乃誠。今瑩鈷奏恒州，具申事體，曲盡忠勤之節，備知丹赤之心。言念再三，發於嗟歎，眷重之至，並在予懷，想宜知悉。
敕師道：任文質至，省表具悉。盧從史頃者請率全師，誓清妖孽，推誠待物，許之不疑。而背恩於上，結怨於下，邪謀貳志，日以彰聞，虧大節而自絕於君，積群怒而不容於眾。因以邀命，幸而脫身，屈法申恩，已有處分。昨者詔旨已明示卿，卿體國為心，事君盡力，固宜有聞必薦，有見必陳，竭其忠諒之誠，濟其獻替之美。省閱章奏，嘉歎良多。
敕師道：任文質至，省表具悉。盧從史頃者請率全師，誓清妖孽，推誠待物，許之不疑。而背恩於上，結怨於下，邪謀貳志，日以彰聞，虧大節而自絕於君，積群怒而不容於眾。因以邀命，幸而脫身，屈法申恩，已有處分。昨者詔旨已明示卿，卿體國為心，事君盡力，固宜有聞必薦，有見必陳，竭其忠諒之誠，濟其獻替之美。省閱章奏，嘉歎良多。
敕於陵：省所賀，安南破環王國賊帥李樂山等三萬人者，具悉。卿蠻夷犯疆，方鎮致討，凶徒喪敗，荒徼清平。卿素蘊忠誠，又連封壤，疾既同於山藪，勢益壯於輔車，想聞捷書，當倍慰愜。載省所賀，深見乃懷。
敕希朝：省所奏党項歸投事，具悉。卿邊隅寄重，閫外事繁，威行而軍聲外揚，信及而戎心內附，動皆展效，進必盡忠，勞績彌彰，倚望尤切。党項拓跋忠敬等，頃雖為盜，今已經恩，懼而歸投，情可容恕，計其後效，以補前非，卿宜安存，無使疑懼，其磨梅部落等，尚能繼誌，亦許自新，宜加招諭，令知朕意。
敕劉濟：省所謝男紹及孫景震等授官，並謝賜器仗弓甲刀斧等者，具悉。卿文武全才，將相重任，本於忠諒，成此勳勞，尚德尊賢，位已極於台輔，念功懋賞，寵宜及於子孫，時論允歸，朝章斯舉。至於出茲戎器，賜我元臣，但可以申朕恩私，未足以表卿功績。載覽來表，備見乃誠，並此謝陳，益嘉勤藎。
敕季安：劉清潭至，省所奏貝州宗城縣百姓劉宏為母病割股充祭事宜，具悉。卿任重弼諧，寄深鎮守，勤撫綏之政，讚燮理之功，至使部人，忘身展孝，雖因心有感，誠化我之時風，而率下可知，足表卿之理行。省茲陳奏，欽歎良深。
敕希朝：省所奏党項歸投事，具悉。卿邊隅寄重，閫外事繁，威行而軍聲外揚，信及而戎心內附，動皆展效，進必盡忠，勞績彌彰，倚望尤切。党項拓跋忠敬等，頃雖為盜，今已經恩，懼而歸投，情可容恕，計其後效，以補前非，卿宜安存，無使疑懼，其磨梅部落等，尚能繼誌，亦許自新，宜加招諭，令知朕意。
敕從史：史澣至，省所陳謝，具悉。卿亡父早踐班榮，久著偉績，永言褒贈，自葉典常。況卿孝友承家，勤勞事國，念茲忠節，皆稟義方，將慰匪莪之心，宜流自葉之澤。豈為殊渥，頻至謝章。
敕季安：劉清潭至，省所奏貝州宗城縣百姓劉宏為母病割股充祭事宜，具悉。卿任重弼諧，寄深鎮守，勤撫綏之政，讚燮理之功，至使部人，忘身展孝，雖因心有感，誠化我之時風，而率下可知，足表卿之理行。省茲陳奏，欽歎良深。
敕詔義軍節度下將士等：卿等久在行營，乍無主將，而士旅輯睦，軍壘安寧，足彰守正之心，尤見盡忠之節，以此歎矚，勞於寢興。孟元陽是朕信臣，為國良將，威略可以攝凶孽，慈和可以牧師人，累著忠勤，克諧朕命，為其主帥，必副群情。況卿等同嫉奸邪，久困貪暴，宜以仁賢之帥，撫卿忠義之軍，靖思元陽，無出其右。今授元陽檢校尚書右仆射，充卿等當道節度使。勉同王事，以慰朕懷。烏重允特效忠誠，深宜獎擢，今便授河陽節度使兼禦史大夫。故令宣慰，並宜知悉。
敕承璀：卿總領禁軍，控臨戎境，見敵每張其勇敢，因事益表其忠勤，言念在懷，發於寤歎。昭義軍將士等去邪遠惡，仗義保忠，統其成師，宜得良帥。孟元陽夙懷武毅，累著功庸，威名甚彰，人望所屬。以之為帥，必愜軍情，以之討賊，必有勳績。今授元陽檢校尚書右仆射充昭義軍節度等使。未到行營間，其昭義軍卿宜切加宣撫，務使安寧。烏重允職在偏裨，保於忠正，宜從獎擢，以表殊恩，今授烏重允河陽節度使兼禦順史大夫。卿亦宜諭此恩意，令知朕心。兼恐河陽無人，速宜進發，想當知悉。
敕元陽：澤潞全軍，方討恒冀。盧從史虧失大節，包藏二心，奸跡邪謀，日已自露，軍情物議，俱所不容，尋追赴朝，今已在道。朕以昭義將士，忠順成風，況在行營，久勤戎事，今欲使其戰者奮發，居者悅安，共成大功，必在良帥。以卿有氵殿水之勳效，有河陽之政令，思之甚熟，無以易卿，宜領重藩，仍遷宗秩。今授卿檢校尚書右仆射充澤潞節度等使，並賜旌節告身等往。卿宜速發，先到潞府上訖，便赴行營，慰安軍心，宣諭朕意。烏重允徇忠守節，宜加獎用，今便授重允河陽節度使兼禦史大夫，想宜知悉。
敕詔義軍節度下將士等：卿等久在行營，乍無主將，而士旅輯睦，軍壘安寧，足彰守正之心，尤見盡忠之節，以此歎矚，勞於寢興。孟元陽是朕信臣，為國良將，威略可以攝凶孽，慈和可以牧師人，累著忠勤，克諧朕命，為其主帥，必副群情。況卿等同嫉奸邪，久困貪暴，宜以仁賢之帥，撫卿忠義之軍，靖思元陽，無出其右。今授元陽檢校尚書右仆射，充卿等當道節度使。勉同王事，以慰朕懷。烏重允特效忠誠，深宜獎擢，今便授河陽節度使兼禦史大夫。故令宣慰，並宜知悉。
敕師道：任文質至，省表具悉。盧從史頃者請率全師，誓清妖孽，推誠待物，許之不疑。而背恩於上，結怨於下，邪謀貳志，日以彰聞，虧大節而自絕於君，積群怒而不容於眾。因以邀命，幸而脫身，屈法申恩，已有處分。昨者詔旨已明示卿，卿體國為心，事君盡力，固宜有聞必薦，有見必陳，竭其忠諒之誠，濟其獻替之美。省閱章奏，嘉歎良多。
敕師道：任文質至，省表具悉。盧從史頃者請率全師，誓清妖孽，推誠待物，許之不疑。而背恩於上，結怨於下，邪謀貳志，日以彰聞，虧大節而自絕於君，積群怒而不容於眾。因以邀命，幸而脫身，屈法申恩，已有處分。昨者詔旨已明示卿，卿體國為心，事君盡力，固宜有聞必薦，有見必陳，竭其忠諒之誠，濟其獻替之美。省閱章奏，嘉歎良多。
敕執恭：王克謹至，省所奏今月八日進收平昌縣，已令鎮守，並奏劉濟欲與卿約義事者，具悉。卿奉辭伐罪，仗節啟行，指顧偏裨，收複城邑，已令鎮備，兼務緝綏，威惠之方既明，吊伐之義斯在，永言倚任，彌注衷情。劉濟將相大臣，與卿先父同列，欲求契約，固合允從，豈惟繼好私情，亦足葉心王事。載省來奏，深鑒乃誠，至於寢興，不忘嘉矚。
敕承宗：頃者盧從史包藏奸詐，矯示公忠，下誣物情，上惑朝聽，使卿陷於違命，使朕至於用兵，交亂君臣，罪有所在。今從史已正刑典，遠棄州，構亂者既就屏除，誘陷者自宜明白。況卿代連姻戚，朕豈不思，祖有功勞，朕豈不念？事不得已，勢至如斯，棄絕以來，常懷憫惻。卿今既陳章疏，懇獻衷誠，請進官員，願修貢賦，誓心以納款，歸罪而責躬，情可哀憐，法存開釋。朕托於人上，及茲六載，體天地含宏之德，厚君臣終始之恩，常以人安為心，豈欲物失其所，今所以開獨見之路，降非常之恩，卿及將士等，已具制書，並從洗滌。卿仍複舊官爵，便充恒、冀、深、趙、德、棣等州節度觀察等使，並賜旌節告身等往。爵土仍舊，君臣如初，想卿中懷，當自知感。所宜追補前悔，勉勤後圖，夙夜思之，永副朕意，想當知悉。
敕吉甫：韓用政至，省所奏陳謝具悉。卿忠貞立身，文武為德，誌惟經國，謀不忘君，才可以雄鎮方隅，故委之外閫，智可以密參帷幄，故任以中樞，而能一其衷心，再有衝讓。雖勞謙彌切，每陳丹府之誠，而憂寄方深，難輟紫垣之務，勉諭已伸於前詔，忠勤載露於來章。今征討已停，方隅稍泰，克清之日，雖則不遙，難奪之心，亦宜且抑。重此宣慰，當體朕懷，是推至公，煩有陳謝。
敕劉濟：省所謝男紹及孫景震等授官，並謝賜器仗弓甲刀斧等者，具悉。卿文武全才，將相重任，本於忠諒，成此勳勞，尚德尊賢，位已極於台輔，念功懋賞，寵宜及於子孫，時論允歸，朝章斯舉。至於出茲戎器，賜我元臣，但可以申朕恩私，未足以表卿功績。載覽來表，備見乃誠，並此謝陳，益嘉勤藎。
敕鄭絪：省所奏邕管黃少卿及子弟等事宜，具悉。卿望重中朝，寄深南服，誓敷惠政，佇化遠人，言念忠勤，不忘監寤。山洞夷落，易擾難安，比來撫之，未及其道。覽卿所奏，頗合其宜，歲時之間，當革前弊。勉於招諭，以副朕心。
敕劉總：康誌安至，省所奏陳，具悉。卿之先父，為朕元臣，大節殊功，沒而不朽，宜加恩禮，俾洽哀榮，故命宰臣，為之撰錄。卿義深報國，孝重承家，既感顯親之恩，願竭戴君之節，遠有奏謝，益用嘉之，想宜知悉。
敕茂昭：盧校至，省所陳奏，具悉。卿翼戴君親，出入將相，久專戎閫，累覲王庭，忠勞必竭其智謀，誠懇每形於章表。近者誌在憂國，慮及安邊，請率精兵，親防點虜。朕以卿當管軍鎮，寄重事殷，實藉撫綏，用安封部，雖未允所請，而深嘉乃誠。今瑩鈷奏恒州，具申事體，曲盡忠勤之節，備知丹赤之心。言念再三，發於嗟歎，眷重之至，並在予懷，想宜知悉。
敕劉總：康誌安至，省所奏陳，具悉。卿之先父，為朕元臣，大節殊功，沒而不朽，宜加恩禮，俾洽哀榮，故命宰臣，為之撰錄。卿義深報國，孝重承家，既感顯親之恩，願竭戴君之節，遠有奏謝，益用嘉之，想宜知悉。
敕房式：卿以良才，尹茲東洛，公忠無怠，聲績有聞，嘉歎之深，寧忘寤寐。宣城重寄，深在得人，藉卿政能，往就綏撫。今授卿宣州刺史兼禦史中丞充宣歙等州都團練觀察處寘等使，並賜告身往。卿宜便起赴本道，勉修所任，以稱朕懷，想當知悉。
敕盧恒卿：累登朝序，皆著公方，自領藩條，益彰理行，恪恭而奉上，勤儉以牧人，不加寵榮，何勸來者。朕以擢管漕運，軍國所資，其務甚殷，所寄尤重，以卿有忠勞之前效，幹濟之長才，常簡朕心，宜授此職。今除卿尚書刑部侍郎充諸道鹽鐵轉運使，並賜告身往，宜即赴闕庭，想當知悉。
敕薛萃：楊君靖至，省所陳謝，具悉。卿勤王之節，徇公滅私，事主之誠，移忠資孝，苟非褒贈，何以顯揚。且清白之風，既自家而刑國，則寵旌之澤，宜因葉以流根。式遵追遠之經，用表教忠之訓，是為禮典，煩致謝章。
敕嚴礪：省所奏進蒼角鷹六聯，具悉。卿任重列藩，寄兼外閫，事皆奉上，動必竭誠。時屬勁秋，致茲鷙鳥，調習成性，進獻及時。取其效用之能，足表盡忠之節。
敕餘慶：省所謝陳，具悉。卿累居袞職，時謂盡忠，自尹洛師，日聞報政。臣節既彰於宣力，子道莫大於揚名，俾光孝思，爰舉禮命，榮褒塚宰，寵賁幽靈。式是彝章，豈為私渥。有煩陳謝，深見誠懷。
敕從史：史澣至，省所陳謝，具悉。卿亡父早踐班榮，久著偉績，永言褒贈，自葉典常。況卿孝友承家，勤勞事國，念茲忠節，皆稟義方，將慰匪莪之心，宜流自葉之澤。豈為殊渥，頻至謝章。
敕韓皋：省所陳賀，具悉。卿，朕自守睿圖，每思寬政，慮先禁暴，念在措刑。李錡負國反常，阻兵幹紀，未勞師旅，已就誅夷。卿宣力納忠，秉心嫉惡，遠陳慶賀，深見懇誠，想宜知悉。
敕元衡：省所奏當管南界外生蠻東淩六部落大鬼主苴春等以所管子弟百姓等二千餘戶請內屬黎州，並奏南路蕃界消息者，具悉。卿以文武之才，兼將相之任，仁和下布，黎庶獲安，威惠旁流，蠻夷率附，勳勤所著，倚賴彌深，欽矚之懷，豈忘寤寐。生蠻部落苴春等，久阻聲教，遂此歸投，願屬黎州，請通縣道，勉於撫慰，以勸將來。所奏蕃界事宜，具已知悉，戎虜雖聞喪敗，封疆不可無虞，亦宜提防，用副憂矚。
敕顏證：戴岌至，省所賀及謝王國清充五嶺監軍，具悉。卿職在撫綏，任兼備禦，公勤夙著，聞望日彰，言念於懷，豈忘寤寐。乾象昭感，壽星垂文，與時相膺，有道則見，顧慚非德，何以當之？卿戎旅事殷，宜有監領，蓋為常例，煩至謝陳，想宜知悉。
敕從史：史澣至，省所陳謝，具悉。卿亡父早踐班榮，久著偉績，永言褒贈，自葉典常。況卿孝友承家，勤勞事國，念茲忠節，皆稟義方，將慰匪莪之心，宜流自葉之澤。豈為殊渥，頻至謝章。
敕季安：劉清潭至，省所奏貝州宗城縣百姓劉宏為母病割股充祭事宜，具悉。卿任重弼諧，寄深鎮守，勤撫綏之政，讚燮理之功，至使部人，忘身展孝，雖因心有感，誠化我之時風，而率下可知，足表卿之理行。省茲陳奏，欽歎良深。
敕高固：卿奉國戴君，必竭忠節，統戎護塞，克著勳勞，自領藩垣，委之心膂，忠愨之誌，久而益彰，欽歎在懷，何嚐暫忘。以卿一從軍旅，多在邊陲，歲月積深，勤勞滋久，所宜出入中外，周旋寵光，今授卿檢校尚書右仆射禦史大夫兼右羽林軍統軍。以端揆之崇，兼環衛之帥，遂卿望闕之戀，表朕念功之心。仍賜卿官告，卿宜即赴闕庭，想宜知悉。
敕茂昭：盧校至，省所陳奏，具悉。卿翼戴君親，出入將相，久專戎閫，累覲王庭，忠勞必竭其智謀，誠懇每形於章表。近者誌在憂國，慮及安邊，請率精兵，親防點虜。朕以卿當管軍鎮，寄重事殷，實藉撫綏，用安封部，雖未允所請，而深嘉乃誠。今瑩鈷奏恒州，具申事體，曲盡忠勤之節，備知丹赤之心。言念再三，發於嗟歎，眷重之至，並在予懷，想宜知悉。
敕柳晟：卜英琦至，省所奏慶雲並進圖者，具悉。昌運將開，祥符先見，發自和氣，聚為慶雲，捧日而五色相宣，垂天而萬物鹹睹，斯為嘉瑞，宜契升平。朕主致小康，未臻大化，受茲方貺，祗惕良深。卿以誠事君，推美奉上，獻輪囷於圖畫，陳懇款於表章，披閱再三，彌增嘉歎。
卿久鎮邊防，初膺閫寄，式旌勤效，俾洽恩榮。褒德念功，故進封以示寵，忠誠亮節，宜因實而錫名，既表新恩，亦惟舊典。今改封卿丹陽郡王，仍改名忠亮。勉勤乃事，以副所懷，想宜知悉。
敕崇文：卿忠廉立身，簡直成性，董戎長武，邊候久安，授律西川，凶徒蕩滅。是以寵崇外閫，秩進上公，而能省事安人，多方撫俗，諭朕念功之旨，勉其師徒，宣朕卹隱之心，慰彼黎庶。威力無暴，功成不居，累陳表章，懇請朝覲。雖殿邦之寄重，誠欲藉才，而望闕之戀深，固難奪誌，且嘉且歎，彌感於懷。屬時候嚴凝，山川修阻，永言跋涉，當甚勤勞，佇卿來思，副朕誠望，想宜知悉。冬寒，卿比平安好，遣書指不多及。
敕希朝：省所奏党項歸投事，具悉。卿邊隅寄重，閫外事繁，威行而軍聲外揚，信及而戎心內附，動皆展效，進必盡忠，勞績彌彰，倚望尤切。党項拓跋忠敬等，頃雖為盜，今已經恩，懼而歸投，情可容恕，計其後效，以補前非，卿宜安存，無使疑懼，其磨梅部落等，尚能繼誌，亦許自新，宜加招諭，令知朕意。
敕元衡：省所奏當管南界外生蠻東淩六部落大鬼主苴春等以所管子弟百姓等二千餘戶請內屬黎州，並奏南路蕃界消息者，具悉。卿以文武之才，兼將相之任，仁和下布，黎庶獲安，威惠旁流，蠻夷率附，勳勤所著，倚賴彌深，欽矚之懷，豈忘寤寐。生蠻部落苴春等，久阻聲教，遂此歸投，願屬黎州，請通縣道，勉於撫慰，以勸將來。所奏蕃界事宜，具已知悉，戎虜雖聞喪敗，封疆不可無虞，亦宜提防，用副憂矚。
敕陸庶：省所奏當管新開福建陸路四百餘裏者，具悉。卿望重周行，寄分越徼，嘉聞素著，茂政累彰。況勤可使人，智能創物，廢驚波之路，開砥石之途，舍舊謀新，以夷易險，財力不費，商旅斯通，惠既及之，人動非擾下，績用可尚，欽歎良深。
敕宗儒：卿幫家楨幹，班列羽儀，嚐作股肱，弼諧無怠，及司管籥，鎮靜有方，欽重之懷，寢興不舍。春官之長，非賢不居，既簡朕心，亦符人望。今授卿禮部尚書，並賜官誥往，除餘慶東都留守，卿宜便與交割，即赴上都，想宜知悉。
敕希朝：省所奏党項歸投事，具悉。卿邊隅寄重，閫外事繁，威行而軍聲外揚，信及而戎心內附，動皆展效，進必盡忠，勞績彌彰，倚望尤切。党項拓跋忠敬等，頃雖為盜，今已經恩，懼而歸投，情可容恕，計其後效，以補前非，卿宜安存，無使疑懼，其磨梅部落等，尚能繼誌，亦許自新，宜加招諭，令知朕意。
敕韓宏：卿苦心奉國，極慮撫人，惠彼一方，於茲十載，曆展勤王之效，累陳戀闕之誠，才以任彰，節因事著，不加殊寵，何表成功。夫外擁旌旄爪牙之任重，內參台袞股肱之寄深，以爾一心，授茲二柄，永言倚賴，當副誠懷。今除卿同中書門下平章事依前宣武軍節度等使，餘並如故，並賜官告往，想宜知悉。
敕嚴礪：省所奏進蒼角鷹六聯，具悉。卿任重列藩，寄兼外閫，事皆奉上，動必竭誠。時屬勁秋，致茲鷙鳥，調習成性，進獻及時。取其效用之能，足表盡忠之節。
敕韓宏：卿苦心奉國，極慮撫人，惠彼一方，於茲十載，曆展勤王之效，累陳戀闕之誠，才以任彰，節因事著，不加殊寵，何表成功。夫外擁旌旄爪牙之任重，內參台袞股肱之寄深，以爾一心，授茲二柄，永言倚賴，當副誠懷。今除卿同中書門下平章事依前宣武軍節度等使，餘並如故，並賜官告往，想宜知悉。
敕季安：劉清潭至，省所奏貝州宗城縣百姓劉宏為母病割股充祭事宜，具悉。卿任重弼諧，寄深鎮守，勤撫綏之政，讚燮理之功，至使部人，忘身展孝，雖因心有感，誠化我之時風，而率下可知，足表卿之理行。省茲陳奏，欽歎良深。
敕茂昭：盧校至，省所陳奏，具悉。卿翼戴君親，出入將相，久專戎閫，累覲王庭，忠勞必竭其智謀，誠懇每形於章表。近者誌在憂國，慮及安邊，請率精兵，親防點虜。朕以卿當管軍鎮，寄重事殷，實藉撫綏，用安封部，雖未允所請，而深嘉乃誠。今瑩鈷奏恒州，具申事體，曲盡忠勤之節，備知丹赤之心。言念再三，發於嗟歎，眷重之至，並在予懷，想宜知悉。
敕孟陽：卿夙懷才略，早振聲猷，曆踐班行，累彰績效，自守關輔，克舉藩條，惠及蒸黎，威行軍鎮，永言所任，未展其能。朕以東川蜀門重鎮，弊承軍後，雄壓險中，思得忠勤之臣，撫此凋殘之俗，量才注意，無以易卿。今授卿劍南東川節度觀察使，並賜官告往，想宜知悉。
敕韋丹：竇從直至，省所陳賀，並奏江、饒等四州旱損，其所欠，供軍留州錢米等，並已放免，又奏權減俸及修造陂堰並勸課種蒔粟麥等事宜，具悉。朕頃緣時旱，慮害農功，雖推咎己之心，敢望動天之德，而未逾浹日，膏澤霈然，仰荷元休，俯增祗惕。卿喜深稱慶，忠切分憂，既覽賀陳，兼詳奏請。至如蠲逋以卹人隱，減俸以濟軍須，抑末業而移風，務茲菽麥，防旱年而歉雨，修利陂塘，皆合其宜，並依所奏。非卿公勤奉上，仁惻發中，則共理之心，不能至此，再三興歎，一二難申。勉於始終，以副朕意，想宜知悉。
敕從史：史澣至，省所陳謝，具悉。卿亡父早踐班榮，久著偉績，永言褒贈，自葉典常。況卿孝友承家，勤勞事國，念茲忠節，皆稟義方，將慰匪莪之心，宜流自葉之澤。豈為殊渥，頻至謝章。
敕孫璹：劉德惠至，省所進隴右地圖，兼進戰車、陣圖、車樣，及奏陳收複河湟事宜者，具悉。卿尹茲右輔，固乃西疆，創制戎車，繕修軍實，思收故地，誓立殊勳。載覽陣圖，兼詳所奏，誠得開邊之略，益加報國之心。斯謂盡忠，彌增注意，眷言所至，無忘於懷。
敕李良僅：卿久在軍門，習知邊事，居常恭恪，動必忠勤。眷乃才良，可分憂寄，今授卿延州刺史兼安塞軍使，並賜官告往。延州既兼軍鎮，且雜蕃戎，防遏撫綏，兩須得所，宜勉所任，用副朕懷。
敕崇文：卿忠廉立身，簡直成性，董戎長武，邊候久安，授律西川，凶徒蕩滅。是以寵崇外閫，秩進上公，而能省事安人，多方撫俗，諭朕念功之旨，勉其師徒，宣朕卹隱之心，慰彼黎庶。威力無暴，功成不居，累陳表章，懇請朝覲。雖殿邦之寄重，誠欲藉才，而望闕之戀深，固難奪誌，且嘉且歎，彌感於懷。屬時候嚴凝，山川修阻，永言跋涉，當甚勤勞，佇卿來思，副朕誠望，想宜知悉。冬寒，卿比平安好，遣書指不多及。
